
*** Running vivado
    with args -log system_2.vds -m64 -product Vivado -mode batch -messageDb vivado.pb -notrace -source system_2.tcl


ECHO is off.
ECHO is off.

****** Vivado v2023.1 (64-bit)
  **** SW Build 3865809 on Sun May  7 15:05:29 MDT 2023
  **** IP Build 3864474 on Sun May  7 20:36:21 MDT 2023
  **** SharedData Build 3865790 on Sun May 07 13:33:03 MDT 2023
    ** Copyright 1986-2022 Xilinx, Inc. All Rights Reserved.
    ** Copyright 2022-2023 Advanced Micro Devices, Inc. All Rights Reserved.

source system_2.tcl -notrace
create_project: Time (s): cpu = 00:00:09 ; elapsed = 00:00:09 . Memory (MB): peak = 455.281 ; gain = 159.902
Command: read_checkpoint -auto_incremental -incremental C:/Users/vivat/Desktop/cp-eng-hwsynlab2023/lab04/lab04.srcs/utils_1/imports/synth_1/system_3.dcp
INFO: [Vivado 12-5825] Read reference checkpoint from C:/Users/vivat/Desktop/cp-eng-hwsynlab2023/lab04/lab04.srcs/utils_1/imports/synth_1/system_3.dcp for incremental synthesis
INFO: [Vivado 12-7989] Please ensure there are no constraint changes
Command: synth_design -top system_2 -part xc7a35tcpg236-1
Starting synth_design
Attempting to get a license for feature 'Synthesis' and/or device 'xc7a35t'
INFO: [Common 17-349] Got license for feature 'Synthesis' and/or device 'xc7a35t'
INFO: [Device 21-403] Loading part xc7a35tcpg236-1

*** Running vivado
    with args -log system_2.vds -m64 -product Vivado -mode batch -messageDb vivado.pb -notrace -source system_2.tcl


ECHO is off.
ECHO is off.

****** Vivado v2023.1 (64-bit)
  **** SW Build 3865809 on Sun May  7 15:05:29 MDT 2023
  **** IP Build 3864474 on Sun May  7 20:36:21 MDT 2023
  **** SharedData Build 3865790 on Sun May 07 13:33:03 MDT 2023
    ** Copyright 1986-2022 Xilinx, Inc. All Rights Reserved.
    ** Copyright 2022-2023 Advanced Micro Devices, Inc. All Rights Reserved.

source system_2.tcl -notrace
create_project: Time (s): cpu = 00:00:08 ; elapsed = 00:00:08 . Memory (MB): peak = 455.129 ; gain = 159.562
Command: read_checkpoint -auto_incremental -incremental C:/Users/vivat/Desktop/cp-eng-hwsynlab2023/lab04/lab04.srcs/utils_1/imports/synth_1/system_3.dcp
INFO: [Vivado 12-5825] Read reference checkpoint from C:/Users/vivat/Desktop/cp-eng-hwsynlab2023/lab04/lab04.srcs/utils_1/imports/synth_1/system_3.dcp for incremental synthesis
INFO: [Vivado 12-7989] Please ensure there are no constraint changes
Command: synth_design -top system_2 -part xc7a35tcpg236-1
Starting synth_design
Attempting to get a license for feature 'Synthesis' and/or device 'xc7a35t'
INFO: [Common 17-349] Got license for feature 'Synthesis' and/or device 'xc7a35t'
INFO: [Device 21-403] Loading part xc7a35tcpg236-1
INFO: [Synth 8-7079] Multithreading enabled for synth_design using a maximum of 4 processes.
INFO: [Synth 8-7078] Launching helper process for spawning children vivado processes
INFO: [Synth 8-7075] Helper process launched with PID 19424
---------------------------------------------------------------------------------
Starting RTL Elaboration : Time (s): cpu = 00:00:07 ; elapsed = 00:00:07 . Memory (MB): peak = 1272.465 ; gain = 409.883
---------------------------------------------------------------------------------
INFO: [Synth 8-6157] synthesizing module 'system_2' [C:/Users/vivat/Desktop/cp-eng-hwsynlab2023/lab04/lab04.srcs/sources_1/new/system_2.v:3]
INFO: [Synth 8-6157] synthesizing module 'clk_div' [C:/Users/vivat/Desktop/cp-eng-hwsynlab2023/lab04/lab04.srcs/sources_1/imports/new/clk_div.v:3]
INFO: [Synth 8-6155] done synthesizing module 'clk_div' (0#1) [C:/Users/vivat/Desktop/cp-eng-hwsynlab2023/lab04/lab04.srcs/sources_1/imports/new/clk_div.v:3]
INFO: [Synth 8-6157] synthesizing module 'quad_7_seg' [C:/Users/vivat/Desktop/cp-eng-hwsynlab2023/lab04/lab04.srcs/sources_1/imports/new/quad_7_seg.v:3]
INFO: [Synth 8-6157] synthesizing module 'hex_to_7_seg' [C:/Users/vivat/Desktop/cp-eng-hwsynlab2023/lab04/lab04.srcs/sources_1/imports/new/hex_to_7_seg.v:3]
INFO: [Synth 8-6155] done synthesizing module 'hex_to_7_seg' (0#1) [C:/Users/vivat/Desktop/cp-eng-hwsynlab2023/lab04/lab04.srcs/sources_1/imports/new/hex_to_7_seg.v:3]
INFO: [Synth 8-6155] done synthesizing module 'quad_7_seg' (0#1) [C:/Users/vivat/Desktop/cp-eng-hwsynlab2023/lab04/lab04.srcs/sources_1/imports/new/quad_7_seg.v:3]
INFO: [Synth 8-6157] synthesizing module 'push_button' [C:/Users/vivat/Desktop/cp-eng-hwsynlab2023/lab04/lab04.srcs/sources_1/new/push_button.v:3]
INFO: [Synth 8-6157] synthesizing module 'debouncer' [C:/Users/vivat/Desktop/cp-eng-hwsynlab2023/lab04/lab04.srcs/sources_1/imports/new/debouncer.v:3]
	Parameter DEBOUNCE_TIME bound to: 2500000 - type: integer 
INFO: [Synth 8-6155] done synthesizing module 'debouncer' (0#1) [C:/Users/vivat/Desktop/cp-eng-hwsynlab2023/lab04/lab04.srcs/sources_1/imports/new/debouncer.v:3]
INFO: [Synth 8-6157] synthesizing module 'single_pulser' [C:/Users/vivat/Desktop/cp-eng-hwsynlab2023/lab04/lab04.srcs/sources_1/imports/new/single_pulser.v:3]
INFO: [Synth 8-6155] done synthesizing module 'single_pulser' (0#1) [C:/Users/vivat/Desktop/cp-eng-hwsynlab2023/lab04/lab04.srcs/sources_1/imports/new/single_pulser.v:3]
INFO: [Synth 8-6155] done synthesizing module 'push_button' (0#1) [C:/Users/vivat/Desktop/cp-eng-hwsynlab2023/lab04/lab04.srcs/sources_1/new/push_button.v:3]
INFO: [Synth 8-6157] synthesizing module 'rom_block' [C:/Users/vivat/Desktop/cp-eng-hwsynlab2023/lab04/lab04.srcs/sources_1/new/rom_block.v:3]
	Parameter MEM_INIT_FILE bound to: bin8_bcd.data - type: string 
	Parameter ROM_WIDTH bound to: 16 - type: integer 
	Parameter ROM_ADDR_BITS bound to: 8 - type: integer 
INFO: [Synth 8-3876] $readmem data file 'bin8_bcd.data' is read successfully [C:/Users/vivat/Desktop/cp-eng-hwsynlab2023/lab04/lab04.srcs/sources_1/new/rom_block.v:21]
INFO: [Synth 8-6155] done synthesizing module 'rom_block' (0#1) [C:/Users/vivat/Desktop/cp-eng-hwsynlab2023/lab04/lab04.srcs/sources_1/new/rom_block.v:3]
INFO: [Synth 8-6155] done synthesizing module 'system_2' (0#1) [C:/Users/vivat/Desktop/cp-eng-hwsynlab2023/lab04/lab04.srcs/sources_1/new/system_2.v:3]
WARNING: [Synth 8-3848] Net op_mode in module/entity system_2 does not have driver. [C:/Users/vivat/Desktop/cp-eng-hwsynlab2023/lab04/lab04.srcs/sources_1/new/system_2.v:44]
WARNING: [Synth 8-3848] Net digits[3] in module/entity system_2 does not have driver. [C:/Users/vivat/Desktop/cp-eng-hwsynlab2023/lab04/lab04.srcs/sources_1/new/system_2.v:28]
WARNING: [Synth 8-3848] Net digits[2] in module/entity system_2 does not have driver. [C:/Users/vivat/Desktop/cp-eng-hwsynlab2023/lab04/lab04.srcs/sources_1/new/system_2.v:28]
WARNING: [Synth 8-3848] Net digits[1] in module/entity system_2 does not have driver. [C:/Users/vivat/Desktop/cp-eng-hwsynlab2023/lab04/lab04.srcs/sources_1/new/system_2.v:28]
WARNING: [Synth 8-3848] Net digits[0] in module/entity system_2 does not have driver. [C:/Users/vivat/Desktop/cp-eng-hwsynlab2023/lab04/lab04.srcs/sources_1/new/system_2.v:28]
WARNING: [Synth 8-3917] design system_2 has port led[13] driven by constant 0
WARNING: [Synth 8-3917] design system_2 has port led[12] driven by constant 0
WARNING: [Synth 8-3917] design system_2 has port led[11] driven by constant 0
WARNING: [Synth 8-3917] design system_2 has port led[10] driven by constant 0
WARNING: [Synth 8-3917] design system_2 has port led[9] driven by constant 0
WARNING: [Synth 8-3917] design system_2 has port led[8] driven by constant 0
WARNING: [Synth 8-7129] Port led[15] in module system_2 is either unconnected or has no load
WARNING: [Synth 8-7129] Port led[14] in module system_2 is either unconnected or has no load
WARNING: [Synth 8-7129] Port btnC in module system_2 is either unconnected or has no load
---------------------------------------------------------------------------------
Finished RTL Elaboration : Time (s): cpu = 00:00:09 ; elapsed = 00:00:09 . Memory (MB): peak = 1363.484 ; gain = 500.902
---------------------------------------------------------------------------------
---------------------------------------------------------------------------------
Start Handling Custom Attributes
---------------------------------------------------------------------------------
---------------------------------------------------------------------------------
Finished Handling Custom Attributes : Time (s): cpu = 00:00:09 ; elapsed = 00:00:10 . Memory (MB): peak = 1363.484 ; gain = 500.902
---------------------------------------------------------------------------------
---------------------------------------------------------------------------------
Finished RTL Optimization Phase 1 : Time (s): cpu = 00:00:09 ; elapsed = 00:00:10 . Memory (MB): peak = 1363.484 ; gain = 500.902
---------------------------------------------------------------------------------
Netlist sorting complete. Time (s): cpu = 00:00:00 ; elapsed = 00:00:00.006 . Memory (MB): peak = 1363.484 ; gain = 0.000
INFO: [Project 1-570] Preparing netlist for logic optimization

Processing XDC Constraints
Initializing timing engine
Parsing XDC File [C:/Users/vivat/Desktop/cp-eng-hwsynlab2023/lab04/lab04.srcs/constrs_1/imports/cp-eng-hwsynlab2023/Basys-3-Master-Custom.xdc]
Finished Parsing XDC File [C:/Users/vivat/Desktop/cp-eng-hwsynlab2023/lab04/lab04.srcs/constrs_1/imports/cp-eng-hwsynlab2023/Basys-3-Master-Custom.xdc]
INFO: [Project 1-236] Implementation specific constraints were found while reading constraint file [C:/Users/vivat/Desktop/cp-eng-hwsynlab2023/lab04/lab04.srcs/constrs_1/imports/cp-eng-hwsynlab2023/Basys-3-Master-Custom.xdc]. These constraints will be ignored for synthesis but will be used in implementation. Impacted constraints are listed in the file [.Xil/system_2_propImpl.xdc].
Resolution: To avoid this warning, move constraints listed in [.Xil/system_2_propImpl.xdc] to another XDC file and exclude this new file from synthesis with the used_in_synthesis property (File Properties dialog in GUI) and re-run elaboration/synthesis.
Completed Processing XDC Constraints

Netlist sorting complete. Time (s): cpu = 00:00:00 ; elapsed = 00:00:00.001 . Memory (MB): peak = 1465.297 ; gain = 0.000
INFO: [Project 1-111] Unisim Transformation Summary:
No Unisim elements were transformed.

Constraint Validation Runtime : Time (s): cpu = 00:00:00 ; elapsed = 00:00:00.005 . Memory (MB): peak = 1465.297 ; gain = 0.000
---------------------------------------------------------------------------------
Finished Constraint Validation : Time (s): cpu = 00:00:19 ; elapsed = 00:00:20 . Memory (MB): peak = 1465.297 ; gain = 602.715
---------------------------------------------------------------------------------
---------------------------------------------------------------------------------
Start Loading Part and Timing Information
---------------------------------------------------------------------------------
Loading part: xc7a35tcpg236-1
---------------------------------------------------------------------------------
Finished Loading Part and Timing Information : Time (s): cpu = 00:00:19 ; elapsed = 00:00:20 . Memory (MB): peak = 1465.297 ; gain = 602.715
---------------------------------------------------------------------------------
---------------------------------------------------------------------------------
Start Applying 'set_property' XDC Constraints
---------------------------------------------------------------------------------
---------------------------------------------------------------------------------
Finished applying 'set_property' XDC Constraints : Time (s): cpu = 00:00:20 ; elapsed = 00:00:21 . Memory (MB): peak = 1465.297 ; gain = 602.715
---------------------------------------------------------------------------------
---------------------------------------------------------------------------------
Start Preparing Guide Design
---------------------------------------------------------------------------------
CRITICAL WARNING: [Synth 8-6895] The reference checkpoint C:/Users/vivat/Desktop/cp-eng-hwsynlab2023/lab04/lab04.srcs/utils_1/imports/synth_1/system_3.dcp is not suitable for use with incremental synthesis for this design. Please regenerate the checkpoint for this design with -incremental_synth switch in the same Vivado session that synth_design has been run. Synthesis will continue with the default flow
---------------------------------------------------------------------------------
Finished Doing Graph Differ : Time (s): cpu = 00:00:20 ; elapsed = 00:00:21 . Memory (MB): peak = 1465.297 ; gain = 602.715
---------------------------------------------------------------------------------
---------------------------------------------------------------------------------
Finished Preparing Guide Design : Time (s): cpu = 00:00:20 ; elapsed = 00:00:21 . Memory (MB): peak = 1465.297 ; gain = 602.715
---------------------------------------------------------------------------------
---------------------------------------------------------------------------------
Finished RTL Optimization Phase 2 : Time (s): cpu = 00:00:20 ; elapsed = 00:00:21 . Memory (MB): peak = 1465.297 ; gain = 602.715
---------------------------------------------------------------------------------


Incremental Synthesis Report Summary:

1. Incremental synthesis run: no

   Reason for not running incremental synthesis : 


INFO: [Synth 8-7130] Flow is switching to default flow due to incremental criteria not met. If you would like to alter this behaviour and have the flow terminate instead, please set the following parameter config_implementation {autoIncr.Synth.RejectBehavior Terminate}
---------------------------------------------------------------------------------
Start RTL Component Statistics 
---------------------------------------------------------------------------------
Detailed RTL Component Info : 
+---Adders : 
	   2 Input   32 Bit       Adders := 2     
	   2 Input    2 Bit       Adders := 1     
+---Registers : 
	               16 Bit    Registers := 1     
	                2 Bit    Registers := 1     
	                1 Bit    Registers := 18    
+---Muxes : 
	 257 Input   16 Bit        Muxes := 1     
	   4 Input    4 Bit        Muxes := 1     
---------------------------------------------------------------------------------
Finished RTL Component Statistics 
---------------------------------------------------------------------------------
---------------------------------------------------------------------------------
Start Part Resource Summary
---------------------------------------------------------------------------------
Part Resources:
DSPs: 90 (col length:60)
BRAMs: 100 (col length: RAMB18 60 RAMB36 30)
---------------------------------------------------------------------------------
Finished Part Resource Summary
---------------------------------------------------------------------------------
---------------------------------------------------------------------------------
Start Cross Boundary and Area Optimization
---------------------------------------------------------------------------------
WARNING: [Synth 8-7080] Parallel synthesis criteria is not met
WARNING: [Synth 8-3917] design system_2 has port led[13] driven by constant 0
WARNING: [Synth 8-3917] design system_2 has port led[12] driven by constant 0
WARNING: [Synth 8-3917] design system_2 has port led[11] driven by constant 0
WARNING: [Synth 8-3917] design system_2 has port led[10] driven by constant 0
WARNING: [Synth 8-3917] design system_2 has port led[9] driven by constant 0
WARNING: [Synth 8-3917] design system_2 has port led[8] driven by constant 0
WARNING: [Synth 8-3917] design system_2 has port dp driven by constant 1
WARNING: [Synth 8-7129] Port led[15] in module system_2 is either unconnected or has no load
WARNING: [Synth 8-7129] Port led[14] in module system_2 is either unconnected or has no load
WARNING: [Synth 8-7129] Port btnC in module system_2 is either unconnected or has no load
---------------------------------------------------------------------------------
Finished Cross Boundary and Area Optimization : Time (s): cpu = 00:00:23 ; elapsed = 00:00:24 . Memory (MB): peak = 1465.297 ; gain = 602.715
---------------------------------------------------------------------------------
---------------------------------------------------------------------------------
Start Applying XDC Timing Constraints
---------------------------------------------------------------------------------
---------------------------------------------------------------------------------
Finished Applying XDC Timing Constraints : Time (s): cpu = 00:00:31 ; elapsed = 00:00:32 . Memory (MB): peak = 1465.297 ; gain = 602.715
---------------------------------------------------------------------------------
---------------------------------------------------------------------------------
Start Timing Optimization
---------------------------------------------------------------------------------
---------------------------------------------------------------------------------
Finished Timing Optimization : Time (s): cpu = 00:00:31 ; elapsed = 00:00:32 . Memory (MB): peak = 1465.297 ; gain = 602.715
---------------------------------------------------------------------------------
---------------------------------------------------------------------------------
Start Technology Mapping
---------------------------------------------------------------------------------
---------------------------------------------------------------------------------
Finished Technology Mapping : Time (s): cpu = 00:00:31 ; elapsed = 00:00:32 . Memory (MB): peak = 1465.297 ; gain = 602.715
---------------------------------------------------------------------------------
---------------------------------------------------------------------------------
Start IO Insertion
---------------------------------------------------------------------------------
---------------------------------------------------------------------------------
Start Flattening Before IO Insertion
---------------------------------------------------------------------------------
---------------------------------------------------------------------------------
Finished Flattening Before IO Insertion
---------------------------------------------------------------------------------
---------------------------------------------------------------------------------
Start Final Netlist Cleanup
---------------------------------------------------------------------------------
---------------------------------------------------------------------------------
Finished Final Netlist Cleanup
---------------------------------------------------------------------------------
---------------------------------------------------------------------------------
Finished IO Insertion : Time (s): cpu = 00:00:37 ; elapsed = 00:00:38 . Memory (MB): peak = 1465.297 ; gain = 602.715
---------------------------------------------------------------------------------
---------------------------------------------------------------------------------
Start Renaming Generated Instances
---------------------------------------------------------------------------------
---------------------------------------------------------------------------------
Finished Renaming Generated Instances : Time (s): cpu = 00:00:37 ; elapsed = 00:00:38 . Memory (MB): peak = 1465.297 ; gain = 602.715
---------------------------------------------------------------------------------
---------------------------------------------------------------------------------
Start Rebuilding User Hierarchy
---------------------------------------------------------------------------------
---------------------------------------------------------------------------------
Finished Rebuilding User Hierarchy : Time (s): cpu = 00:00:37 ; elapsed = 00:00:38 . Memory (MB): peak = 1465.297 ; gain = 602.715
---------------------------------------------------------------------------------
---------------------------------------------------------------------------------
Start Renaming Generated Ports
---------------------------------------------------------------------------------
---------------------------------------------------------------------------------
Finished Renaming Generated Ports : Time (s): cpu = 00:00:37 ; elapsed = 00:00:38 . Memory (MB): peak = 1465.297 ; gain = 602.715
---------------------------------------------------------------------------------
---------------------------------------------------------------------------------
Start Handling Custom Attributes
---------------------------------------------------------------------------------
---------------------------------------------------------------------------------
Finished Handling Custom Attributes : Time (s): cpu = 00:00:37 ; elapsed = 00:00:38 . Memory (MB): peak = 1465.297 ; gain = 602.715
---------------------------------------------------------------------------------
---------------------------------------------------------------------------------
Start Renaming Generated Nets
---------------------------------------------------------------------------------
---------------------------------------------------------------------------------
Finished Renaming Generated Nets : Time (s): cpu = 00:00:37 ; elapsed = 00:00:38 . Memory (MB): peak = 1465.297 ; gain = 602.715
---------------------------------------------------------------------------------
---------------------------------------------------------------------------------
Start Writing Synthesis Report
---------------------------------------------------------------------------------

Report BlackBoxes: 
+-+--------------+----------+
| |BlackBox name |Instances |
+-+--------------+----------+
+-+--------------+----------+

Report Cell Usage: 
+------+-------+------+
|      |Cell   |Count |
+------+-------+------+
|1     |BUFG   |     1|
|2     |CARRY4 |     5|
|3     |LUT1   |     3|
|4     |LUT2   |     6|
|5     |LUT4   |    12|
|6     |LUT5   |     4|
|7     |LUT6   |    16|
|8     |MUXF7  |     4|
|9     |FDRE   |    34|
|10    |IBUF   |     9|
|11    |OBUF   |    26|
|12    |OBUFT  |     2|
+------+-------+------+
---------------------------------------------------------------------------------
Finished Writing Synthesis Report : Time (s): cpu = 00:00:37 ; elapsed = 00:00:38 . Memory (MB): peak = 1465.297 ; gain = 602.715
---------------------------------------------------------------------------------
Synthesis finished with 0 errors, 1 critical warnings and 11 warnings.
Synthesis Optimization Runtime : Time (s): cpu = 00:00:25 ; elapsed = 00:00:35 . Memory (MB): peak = 1465.297 ; gain = 500.902
Synthesis Optimization Complete : Time (s): cpu = 00:00:37 ; elapsed = 00:00:38 . Memory (MB): peak = 1465.297 ; gain = 602.715
INFO: [Project 1-571] Translating synthesized netlist
Netlist sorting complete. Time (s): cpu = 00:00:00 ; elapsed = 00:00:00.001 . Memory (MB): peak = 1465.297 ; gain = 0.000
INFO: [Netlist 29-17] Analyzing 9 Unisim elements for replacement
INFO: [Netlist 29-28] Unisim Transformation completed in 0 CPU seconds
INFO: [Project 1-570] Preparing netlist for logic optimization
INFO: [Opt 31-138] Pushed 0 inverter(s) to 0 load pin(s).
Netlist sorting complete. Time (s): cpu = 00:00:00 ; elapsed = 00:00:00 . Memory (MB): peak = 1465.297 ; gain = 0.000
INFO: [Project 1-111] Unisim Transformation Summary:
No Unisim elements were transformed.

Synth Design complete | Checksum: dd1c4c9d
INFO: [Common 17-83] Releasing license: Synthesis
35 Infos, 25 Warnings, 1 Critical Warnings and 0 Errors encountered.
synth_design completed successfully
synth_design: Time (s): cpu = 00:00:43 ; elapsed = 00:00:45 . Memory (MB): peak = 1465.297 ; gain = 982.348
INFO: [Common 17-600] The following parameters have non-default value.
general.maxThreads
INFO: [runtcl-6] Synthesis results are not added to the cache due to CRITICAL_WARNING
INFO: [Common 17-1381] The checkpoint 'C:/Users/vivat/Desktop/cp-eng-hwsynlab2023/lab04/lab04.runs/synth_1/system_2.dcp' has been generated.
INFO: [runtcl-4] Executing : report_utilization -file system_2_utilization_synth.rpt -pb system_2_utilization_synth.pb
INFO: [Common 17-206] Exiting Vivado at Tue Sep 19 12:49:51 2023...
