Copyright 1986-2022 Xilinx, Inc. All Rights Reserved. Copyright 2022-2023 Advanced Micro Devices, Inc. All Rights Reserved.
---------------------------------------------------------------------------------------------------------------------------------------------
| Tool Version : Vivado v.2023.1 (win64) Build 3865809 Sun May  7 15:05:29 MDT 2023
| Date         : Tue Sep 19 12:50:57 2023
| Host         : VT_ZENBOOK running 64-bit major release  (build 9200)
| Command      : report_control_sets -verbose -file system_2_control_sets_placed.rpt
| Design       : system_2
| Device       : xc7a35t
---------------------------------------------------------------------------------------------------------------------------------------------

Control Set Information

Table of Contents
-----------------
1. Summary
2. Histogram
3. Flip-Flop Distribution
4. Detailed Control Set Information

1. Summary
----------

+----------------------------------------------------------+-------+
|                          Status                          | Count |
+----------------------------------------------------------+-------+
| Total control sets                                       |     4 |
|    Minimum number of control sets                        |     4 |
|    Addition due to synthesis replication                 |     0 |
|    Addition due to physical synthesis replication        |     0 |
| Unused register locations in slices containing registers |    22 |
+----------------------------------------------------------+-------+
* Control sets can be merged at opt_design using control_set_merge or merge_equivalent_drivers
** Run report_qor_suggestions for automated merging and remapping suggestions


2. Histogram
------------

+--------------------+-------+
|       Fanout       | Count |
+--------------------+-------+
| Total control sets |     4 |
| >= 0 to < 4        |     2 |
| >= 4 to < 6        |     0 |
| >= 6 to < 8        |     0 |
| >= 8 to < 10       |     0 |
| >= 10 to < 12      |     1 |
| >= 12 to < 14      |     0 |
| >= 14 to < 16      |     0 |
| >= 16              |     1 |
+--------------------+-------+
* Control sets can be remapped at either synth_design or opt_design


3. Flip-Flop Distribution
-------------------------

+--------------+-----------------------+------------------------+-----------------+--------------+
| Clock Enable | Synchronous Set/Reset | Asynchronous Set/Reset | Total Registers | Total Slices |
+--------------+-----------------------+------------------------+-----------------+--------------+
| No           | No                    | No                     |              15 |            8 |
| No           | No                    | Yes                    |               0 |            0 |
| No           | Yes                   | No                     |              19 |            5 |
| Yes          | No                    | No                     |               0 |            0 |
| Yes          | No                    | Yes                    |               0 |            0 |
| Yes          | Yes                   | No                     |               0 |            0 |
+--------------+-----------------------+------------------------+-----------------+--------------+


4. Detailed Control Set Information
-----------------------------------

+----------------+---------------+------------------------+------------------+----------------+--------------+
|  Clock Signal  | Enable Signal |    Set/Reset Signal    | Slice Load Count | Bel Load Count | Bels / Slice |
+----------------+---------------+------------------------+------------------+----------------+--------------+
|  cdd/CLK       |               |                        |                1 |              2 |         2.00 |
|  clk_IBUF_BUFG |               |                        |                2 |              3 |         1.50 |
|  cdi/iclk      |               |                        |                5 |             10 |         2.00 |
|  clk_IBUF_BUFG |               | cdd/counter[0]_i_1_n_0 |                5 |             19 |         3.80 |
+----------------+---------------+------------------------+------------------+----------------+--------------+


