Copyright 1986-2022 Xilinx, Inc. All Rights Reserved. Copyright 2022-2023 Advanced Micro Devices, Inc. All Rights Reserved.
---------------------------------------------------------------------------------------------------------------------------------------------
| Tool Version : Vivado v.2023.1 (win64) Build 3865809 Sun May  7 15:05:29 MDT 2023
| Date         : Tue Sep 19 02:13:33 2023
| Host         : VT_ZENBOOK running 64-bit major release  (build 9200)
| Command      : report_control_sets -verbose -file system_1_control_sets_placed.rpt
| Design       : system_1
| Device       : xc7a35t
---------------------------------------------------------------------------------------------------------------------------------------------

Control Set Information

Table of Contents
-----------------
1. Summary
2. Histogram
3. Flip-Flop Distribution
4. Detailed Control Set Information

1. Summary
----------

+----------------------------------------------------------+-------+
|                          Status                          | Count |
+----------------------------------------------------------+-------+
| Total control sets                                       |    13 |
|    Minimum number of control sets                        |    13 |
|    Addition due to synthesis replication                 |     0 |
|    Addition due to physical synthesis replication        |     0 |
| Unused register locations in slices containing registers |    55 |
+----------------------------------------------------------+-------+
* Control sets can be merged at opt_design using control_set_merge or merge_equivalent_drivers
** Run report_qor_suggestions for automated merging and remapping suggestions


2. Histogram
------------

+--------------------+-------+
|       Fanout       | Count |
+--------------------+-------+
| Total control sets |    13 |
| >= 0 to < 4        |     6 |
| >= 4 to < 6        |     0 |
| >= 6 to < 8        |     0 |
| >= 8 to < 10       |     2 |
| >= 10 to < 12      |     1 |
| >= 12 to < 14      |     0 |
| >= 14 to < 16      |     0 |
| >= 16              |     4 |
+--------------------+-------+
* Control sets can be remapped at either synth_design or opt_design


3. Flip-Flop Distribution
-------------------------

+--------------+-----------------------+------------------------+-----------------+--------------+
| Clock Enable | Synchronous Set/Reset | Asynchronous Set/Reset | Total Registers | Total Slices |
+--------------+-----------------------+------------------------+-----------------+--------------+
| No           | No                    | No                     |              15 |            9 |
| No           | No                    | Yes                    |               2 |            1 |
| No           | Yes                   | No                     |              19 |            5 |
| Yes          | No                    | No                     |              11 |            6 |
| Yes          | No                    | Yes                    |               8 |            3 |
| Yes          | Yes                   | No                     |              66 |           18 |
+--------------+-----------------------+------------------------+-----------------+--------------+


4. Detailed Control Set Information
-----------------------------------

+----------------+------------------------------+------------------------------+------------------+----------------+--------------+
|  Clock Signal  |         Enable Signal        |       Set/Reset Signal       | Slice Load Count | Bel Load Count | Bels / Slice |
+----------------+------------------------------+------------------------------+------------------+----------------+--------------+
|  iclk_BUFG     | pbC/db/btn_stable_i_1__0_n_0 |                              |                1 |              1 |         1.00 |
|  iclk_BUFG     | pbD/db/btn_stable_i_1__1_n_0 |                              |                1 |              1 |         1.00 |
|  iclk_BUFG     | pbU/db/clear                 |                              |                1 |              1 |         1.00 |
|  iclk_BUFG     |                              | pbD/sp/out_reg_0             |                1 |              2 |         2.00 |
|  cdd/CLK       |                              |                              |                1 |              2 |         2.00 |
|  clk_IBUF_BUFG |                              |                              |                2 |              3 |         1.50 |
|  iclk_BUFG     | stack/fp                     | pbD/sp/out_reg_0             |                3 |              8 |         2.67 |
|  iclk_BUFG     | stack/fp[7]_i_1_n_0          |                              |                3 |              8 |         2.67 |
|  iclk_BUFG     |                              |                              |                6 |             10 |         1.67 |
|  clk_IBUF_BUFG |                              | cdd/counter[0]_i_1__2_n_0    |                5 |             19 |         3.80 |
|  iclk_BUFG     | pbC/db/counter[0]_i_1__0_n_0 | pbC/db/btn_stable_i_1__0_n_0 |                6 |             22 |         3.67 |
|  iclk_BUFG     | pbD/db/counter[0]_i_1__1_n_0 | pbD/db/btn_stable_i_1__1_n_0 |                6 |             22 |         3.67 |
|  iclk_BUFG     | pbU/db/sel                   | pbU/db/clear                 |                6 |             22 |         3.67 |
+----------------+------------------------------+------------------------------+------------------+----------------+--------------+


