Copyright 1986-2022 Xilinx, Inc. All Rights Reserved. Copyright 2022-2023 Advanced Micro Devices, Inc. All Rights Reserved.
---------------------------------------------------------------------------------------------------------------------------------------------
| Tool Version : Vivado v.2023.1.1 (win64) Build 3900603 Fri Jun 16 19:31:24 MDT 2023
| Date         : Tue Sep  5 10:51:33 2023
| Host         : VT_MBP running 64-bit major release  (build 9200)
| Command      : report_drc -file system_drc_opted.rpt -pb system_drc_opted.pb -rpx system_drc_opted.rpx
| Design       : system
| Device       : xc7a35tcpg236-1
| Speed File   : -1
| Design State : Synthesized
---------------------------------------------------------------------------------------------------------------------------------------------

Report DRC

Table of Contents
-----------------
1. REPORT SUMMARY
2. REPORT DETAILS

1. REPORT SUMMARY
-----------------
            Netlist: netlist
          Floorplan: design_1
      Design limits: <entire design considered>
           Ruledeck: default
             Max violations: <unlimited>
             Violations found: 0
+------+----------+-------------+------------+
| Rule | Severity | Description | Violations |
+------+----------+-------------+------------+
+------+----------+-------------+------------+

2. REPORT DETAILS
-----------------

