
*** Running vivado
    with args -log quad_bcd.vds -m64 -product Vivado -mode batch -messageDb vivado.pb -notrace -source quad_bcd.tcl


ECHO is off.
ECHO is off.

****** Vivado v2023.1.1 (64-bit)
  **** SW Build 3900603 on Fri Jun 16 19:31:24 MDT 2023
  **** IP Build 3900379 on Sat Jun 17 05:28:05 MDT 2023
  **** SharedData Build 3899622 on Fri Jun 16 03:34:24 MDT 2023
    ** Copyright 1986-2022 Xilinx, Inc. All Rights Reserved.
    ** Copyright 2022-2023 Advanced Micro Devices, Inc. All Rights Reserved.

source quad_bcd.tcl -notrace
create_project: Time (s): cpu = 00:00:15 ; elapsed = 00:00:15 . Memory (MB): peak = 477.152 ; gain = 166.480
Command: read_checkpoint -auto_incremental -incremental C:/Users/vivat/Desktop/hwlab/lab03/lab03.srcs/utils_1/imports/synth_opt/quad_bcd.dcp
INFO: [Vivado 12-5825] Read reference checkpoint from C:/Users/vivat/Desktop/hwlab/lab03/lab03.srcs/utils_1/imports/synth_opt/quad_bcd.dcp for incremental synthesis
INFO: [Vivado 12-7989] Please ensure there are no constraint changes
Command: synth_design -top quad_bcd -part xc7a35tcpg236-1
Starting synth_design
Attempting to get a license for feature 'Synthesis' and/or device 'xc7a35t'
INFO: [Common 17-349] Got license for feature 'Synthesis' and/or device 'xc7a35t'
INFO: [Device 21-403] Loading part xc7a35tcpg236-1
INFO: [Designutils 20-5440] No compile time benefit to using incremental synthesis; A full resynthesis will be run
INFO: [Designutils 20-4379] Flow is switching to default flow due to incremental criteria not met. If you would like to alter this behaviour and have the flow terminate instead, please set the following parameter config_implementation {autoIncr.Synth.RejectBehavior Terminate}
INFO: [Synth 8-7079] Multithreading enabled for synth_design using a maximum of 2 processes.
INFO: [Synth 8-7078] Launching helper process for spawning children vivado processes
INFO: [Synth 8-7075] Helper process launched with PID 1724
---------------------------------------------------------------------------------
Starting RTL Elaboration : Time (s): cpu = 00:00:11 ; elapsed = 00:00:12 . Memory (MB): peak = 1296.602 ; gain = 412.320
---------------------------------------------------------------------------------
INFO: [Synth 8-6157] synthesizing module 'quad_bcd' [C:/Users/vivat/Desktop/hwlab/lab03/lab03.srcs/sources_1/new/quad_bcd.v:3]
INFO: [Synth 8-6157] synthesizing module 'clk_div' [C:/Users/vivat/Desktop/hwlab/lab03/lab03.srcs/sources_1/imports/new/clk_div.v:3]
INFO: [Synth 8-6155] done synthesizing module 'clk_div' (0#1) [C:/Users/vivat/Desktop/hwlab/lab03/lab03.srcs/sources_1/imports/new/clk_div.v:3]
INFO: [Synth 8-6157] synthesizing module 'quad_7_seg' [C:/Users/vivat/Desktop/hwlab/lab03/lab03.srcs/sources_1/imports/new/quad_7_seg.v:3]
INFO: [Synth 8-6157] synthesizing module 'hex_to_7_seg' [C:/Users/vivat/Desktop/hwlab/lab03/lab03.srcs/sources_1/imports/new/hex_to_7_seg.v:3]
INFO: [Synth 8-6155] done synthesizing module 'hex_to_7_seg' (0#1) [C:/Users/vivat/Desktop/hwlab/lab03/lab03.srcs/sources_1/imports/new/hex_to_7_seg.v:3]
WARNING: [Synth 8-567] referenced signal 'num3' should be on the sensitivity list [C:/Users/vivat/Desktop/hwlab/lab03/lab03.srcs/sources_1/imports/new/quad_7_seg.v:19]
WARNING: [Synth 8-567] referenced signal 'num2' should be on the sensitivity list [C:/Users/vivat/Desktop/hwlab/lab03/lab03.srcs/sources_1/imports/new/quad_7_seg.v:19]
WARNING: [Synth 8-567] referenced signal 'num1' should be on the sensitivity list [C:/Users/vivat/Desktop/hwlab/lab03/lab03.srcs/sources_1/imports/new/quad_7_seg.v:19]
WARNING: [Synth 8-567] referenced signal 'num0' should be on the sensitivity list [C:/Users/vivat/Desktop/hwlab/lab03/lab03.srcs/sources_1/imports/new/quad_7_seg.v:19]
INFO: [Synth 8-6155] done synthesizing module 'quad_7_seg' (0#1) [C:/Users/vivat/Desktop/hwlab/lab03/lab03.srcs/sources_1/imports/new/quad_7_seg.v:3]
INFO: [Synth 8-6157] synthesizing module 'debouncer' [C:/Users/vivat/Desktop/hwlab/lab03/lab03.srcs/sources_1/new/debouncer.v:3]
INFO: [Synth 8-6155] done synthesizing module 'debouncer' (0#1) [C:/Users/vivat/Desktop/hwlab/lab03/lab03.srcs/sources_1/new/debouncer.v:3]
INFO: [Synth 8-6157] synthesizing module 'single_pulser' [C:/Users/vivat/Desktop/hwlab/lab03/lab03.srcs/sources_1/new/single_pulser.v:3]
INFO: [Synth 8-6155] done synthesizing module 'single_pulser' (0#1) [C:/Users/vivat/Desktop/hwlab/lab03/lab03.srcs/sources_1/new/single_pulser.v:3]
INFO: [Synth 8-6157] synthesizing module 'bcd_to_hex' [C:/Users/vivat/Desktop/hwlab/lab03/lab03.srcs/sources_1/new/quad_bcd.v:105]
INFO: [Synth 8-6155] done synthesizing module 'bcd_to_hex' (0#1) [C:/Users/vivat/Desktop/hwlab/lab03/lab03.srcs/sources_1/new/quad_bcd.v:105]
INFO: [Synth 8-6157] synthesizing module 'bcd_counter' [C:/Users/vivat/Desktop/hwlab/lab03/lab03.srcs/sources_1/new/bcd_counter.v:3]
INFO: [Synth 8-6155] done synthesizing module 'bcd_counter' (0#1) [C:/Users/vivat/Desktop/hwlab/lab03/lab03.srcs/sources_1/new/bcd_counter.v:3]
INFO: [Synth 8-6155] done synthesizing module 'quad_bcd' (0#1) [C:/Users/vivat/Desktop/hwlab/lab03/lab03.srcs/sources_1/new/quad_bcd.v:3]
WARNING: [Synth 8-3917] design quad_bcd has port dp driven by constant 1
WARNING: [Synth 8-3917] design quad_bcd has port led[7] driven by constant 1
WARNING: [Synth 8-3917] design quad_bcd has port led[6] driven by constant 0
WARNING: [Synth 8-3917] design quad_bcd has port led[5] driven by constant 1
WARNING: [Synth 8-3917] design quad_bcd has port led[4] driven by constant 0
WARNING: [Synth 8-3917] design quad_bcd has port led[3] driven by constant 1
WARNING: [Synth 8-3917] design quad_bcd has port led[2] driven by constant 0
WARNING: [Synth 8-3917] design quad_bcd has port led[1] driven by constant 1
WARNING: [Synth 8-3917] design quad_bcd has port led[0] driven by constant 0
---------------------------------------------------------------------------------
Finished RTL Elaboration : Time (s): cpu = 00:00:14 ; elapsed = 00:00:15 . Memory (MB): peak = 1387.820 ; gain = 503.539
---------------------------------------------------------------------------------
---------------------------------------------------------------------------------
Start Handling Custom Attributes
---------------------------------------------------------------------------------
---------------------------------------------------------------------------------
Finished Handling Custom Attributes : Time (s): cpu = 00:00:15 ; elapsed = 00:00:15 . Memory (MB): peak = 1387.820 ; gain = 503.539
---------------------------------------------------------------------------------
---------------------------------------------------------------------------------
Finished RTL Optimization Phase 1 : Time (s): cpu = 00:00:15 ; elapsed = 00:00:15 . Memory (MB): peak = 1387.820 ; gain = 503.539
---------------------------------------------------------------------------------
Netlist sorting complete. Time (s): cpu = 00:00:00 ; elapsed = 00:00:00.016 . Memory (MB): peak = 1387.820 ; gain = 0.000
INFO: [Project 1-570] Preparing netlist for logic optimization

Processing XDC Constraints
Initializing timing engine
Parsing XDC File [C:/Users/vivat/Desktop/hwlab/lab03/lab03.srcs/constrs_1/imports/hwlab/Basys-3-Master-Custom.xdc]
Finished Parsing XDC File [C:/Users/vivat/Desktop/hwlab/lab03/lab03.srcs/constrs_1/imports/hwlab/Basys-3-Master-Custom.xdc]
INFO: [Project 1-236] Implementation specific constraints were found while reading constraint file [C:/Users/vivat/Desktop/hwlab/lab03/lab03.srcs/constrs_1/imports/hwlab/Basys-3-Master-Custom.xdc]. These constraints will be ignored for synthesis but will be used in implementation. Impacted constraints are listed in the file [.Xil/quad_bcd_propImpl.xdc].
Resolution: To avoid this warning, move constraints listed in [.Xil/quad_bcd_propImpl.xdc] to another XDC file and exclude this new file from synthesis with the used_in_synthesis property (File Properties dialog in GUI) and re-run elaboration/synthesis.
Completed Processing XDC Constraints

Netlist sorting complete. Time (s): cpu = 00:00:00 ; elapsed = 00:00:00.001 . Memory (MB): peak = 1489.758 ; gain = 0.000
INFO: [Project 1-111] Unisim Transformation Summary:
No Unisim elements were transformed.

Constraint Validation Runtime : Time (s): cpu = 00:00:00 ; elapsed = 00:00:00.011 . Memory (MB): peak = 1489.758 ; gain = 0.000
INFO: [Designutils 20-5440] No compile time benefit to using incremental synthesis; A full resynthesis will be run
INFO: [Designutils 20-4379] Flow is switching to default flow due to incremental criteria not met. If you would like to alter this behaviour and have the flow terminate instead, please set the following parameter config_implementation {autoIncr.Synth.RejectBehavior Terminate}
---------------------------------------------------------------------------------
Finished Constraint Validation : Time (s): cpu = 00:00:32 ; elapsed = 00:00:32 . Memory (MB): peak = 1489.758 ; gain = 605.477
---------------------------------------------------------------------------------
---------------------------------------------------------------------------------
Start Loading Part and Timing Information
---------------------------------------------------------------------------------
Loading part: xc7a35tcpg236-1
---------------------------------------------------------------------------------
Finished Loading Part and Timing Information : Time (s): cpu = 00:00:32 ; elapsed = 00:00:32 . Memory (MB): peak = 1489.758 ; gain = 605.477
---------------------------------------------------------------------------------
---------------------------------------------------------------------------------
Start Applying 'set_property' XDC Constraints
---------------------------------------------------------------------------------
---------------------------------------------------------------------------------
Finished applying 'set_property' XDC Constraints : Time (s): cpu = 00:00:32 ; elapsed = 00:00:33 . Memory (MB): peak = 1489.758 ; gain = 605.477
---------------------------------------------------------------------------------
---------------------------------------------------------------------------------
Finished RTL Optimization Phase 2 : Time (s): cpu = 00:00:33 ; elapsed = 00:00:33 . Memory (MB): peak = 1489.758 ; gain = 605.477
---------------------------------------------------------------------------------
---------------------------------------------------------------------------------
Start RTL Component Statistics 
---------------------------------------------------------------------------------
Detailed RTL Component Info : 
+---Adders : 
	   2 Input   32 Bit       Adders := 2     
	   2 Input    5 Bit       Adders := 10    
	   2 Input    4 Bit       Adders := 8     
	   2 Input    2 Bit       Adders := 1     
+---Registers : 
	                5 Bit    Registers := 10    
	                4 Bit    Registers := 4     
	                2 Bit    Registers := 1     
	                1 Bit    Registers := 50    
+---Muxes : 
	   4 Input    4 Bit        Muxes := 1     
	   2 Input    4 Bit        Muxes := 16    
	   2 Input    3 Bit        Muxes := 4     
	   2 Input    1 Bit        Muxes := 12    
---------------------------------------------------------------------------------
Finished RTL Component Statistics 
---------------------------------------------------------------------------------
---------------------------------------------------------------------------------
Start Part Resource Summary
---------------------------------------------------------------------------------
Part Resources:
DSPs: 90 (col length:60)
BRAMs: 100 (col length: RAMB18 60 RAMB36 30)
---------------------------------------------------------------------------------
Finished Part Resource Summary
---------------------------------------------------------------------------------
---------------------------------------------------------------------------------
Start Cross Boundary and Area Optimization
---------------------------------------------------------------------------------
WARNING: [Synth 8-7080] Parallel synthesis criteria is not met
WARNING: [Synth 8-3917] design quad_bcd has port dp driven by constant 1
WARNING: [Synth 8-3917] design quad_bcd has port led[7] driven by constant 1
WARNING: [Synth 8-3917] design quad_bcd has port led[6] driven by constant 0
WARNING: [Synth 8-3917] design quad_bcd has port led[5] driven by constant 1
WARNING: [Synth 8-3917] design quad_bcd has port led[4] driven by constant 0
WARNING: [Synth 8-3917] design quad_bcd has port led[3] driven by constant 1
WARNING: [Synth 8-3917] design quad_bcd has port led[2] driven by constant 0
WARNING: [Synth 8-3917] design quad_bcd has port led[1] driven by constant 1
WARNING: [Synth 8-3917] design quad_bcd has port led[0] driven by constant 0
---------------------------------------------------------------------------------
Finished Cross Boundary and Area Optimization : Time (s): cpu = 00:00:39 ; elapsed = 00:00:40 . Memory (MB): peak = 1489.758 ; gain = 605.477
---------------------------------------------------------------------------------
---------------------------------------------------------------------------------
Start Applying XDC Timing Constraints
---------------------------------------------------------------------------------
---------------------------------------------------------------------------------
Finished Applying XDC Timing Constraints : Time (s): cpu = 00:01:09 ; elapsed = 00:01:10 . Memory (MB): peak = 1489.758 ; gain = 605.477
---------------------------------------------------------------------------------
---------------------------------------------------------------------------------
Start Timing Optimization
---------------------------------------------------------------------------------
---------------------------------------------------------------------------------
Finished Timing Optimization : Time (s): cpu = 00:01:09 ; elapsed = 00:01:10 . Memory (MB): peak = 1489.758 ; gain = 605.477
---------------------------------------------------------------------------------
---------------------------------------------------------------------------------
Start Technology Mapping
---------------------------------------------------------------------------------
---------------------------------------------------------------------------------
Finished Technology Mapping : Time (s): cpu = 00:01:09 ; elapsed = 00:01:10 . Memory (MB): peak = 1489.758 ; gain = 605.477
---------------------------------------------------------------------------------
---------------------------------------------------------------------------------
Start IO Insertion
---------------------------------------------------------------------------------
---------------------------------------------------------------------------------
Start Flattening Before IO Insertion
---------------------------------------------------------------------------------
---------------------------------------------------------------------------------
Finished Flattening Before IO Insertion
---------------------------------------------------------------------------------
---------------------------------------------------------------------------------
Start Final Netlist Cleanup
---------------------------------------------------------------------------------
---------------------------------------------------------------------------------
Finished Final Netlist Cleanup
---------------------------------------------------------------------------------
---------------------------------------------------------------------------------
Finished IO Insertion : Time (s): cpu = 00:01:19 ; elapsed = 00:01:20 . Memory (MB): peak = 1489.758 ; gain = 605.477
---------------------------------------------------------------------------------
---------------------------------------------------------------------------------
Start Renaming Generated Instances
---------------------------------------------------------------------------------
---------------------------------------------------------------------------------
Finished Renaming Generated Instances : Time (s): cpu = 00:01:19 ; elapsed = 00:01:20 . Memory (MB): peak = 1489.758 ; gain = 605.477
---------------------------------------------------------------------------------
---------------------------------------------------------------------------------
Start Rebuilding User Hierarchy
---------------------------------------------------------------------------------
---------------------------------------------------------------------------------
Finished Rebuilding User Hierarchy : Time (s): cpu = 00:01:19 ; elapsed = 00:01:20 . Memory (MB): peak = 1489.758 ; gain = 605.477
---------------------------------------------------------------------------------
---------------------------------------------------------------------------------
Start Renaming Generated Ports
---------------------------------------------------------------------------------
---------------------------------------------------------------------------------
Finished Renaming Generated Ports : Time (s): cpu = 00:01:19 ; elapsed = 00:01:20 . Memory (MB): peak = 1489.758 ; gain = 605.477
---------------------------------------------------------------------------------
---------------------------------------------------------------------------------
Start Handling Custom Attributes
---------------------------------------------------------------------------------
---------------------------------------------------------------------------------
Finished Handling Custom Attributes : Time (s): cpu = 00:01:19 ; elapsed = 00:01:21 . Memory (MB): peak = 1489.758 ; gain = 605.477
---------------------------------------------------------------------------------
---------------------------------------------------------------------------------
Start Renaming Generated Nets
---------------------------------------------------------------------------------
---------------------------------------------------------------------------------
Finished Renaming Generated Nets : Time (s): cpu = 00:01:19 ; elapsed = 00:01:21 . Memory (MB): peak = 1489.758 ; gain = 605.477
---------------------------------------------------------------------------------
---------------------------------------------------------------------------------
Start Writing Synthesis Report
---------------------------------------------------------------------------------

Report BlackBoxes: 
+-+--------------+----------+
| |BlackBox name |Instances |
+-+--------------+----------+
+-+--------------+----------+

Report Cell Usage: 
+------+-------+------+
|      |Cell   |Count |
+------+-------+------+
|1     |BUFG   |     2|
|2     |CARRY4 |    40|
|3     |LUT1   |    20|
|4     |LUT2   |   119|
|5     |LUT3   |    30|
|6     |LUT4   |    42|
|7     |LUT5   |    34|
|8     |LUT6   |    36|
|9     |FDRE   |   172|
|10    |FDSE   |     8|
|11    |IBUF   |    11|
|12    |OBUF   |    20|
+------+-------+------+
---------------------------------------------------------------------------------
Finished Writing Synthesis Report : Time (s): cpu = 00:01:19 ; elapsed = 00:01:21 . Memory (MB): peak = 1489.758 ; gain = 605.477
---------------------------------------------------------------------------------
Synthesis finished with 0 errors, 0 critical warnings and 10 warnings.
Synthesis Optimization Runtime : Time (s): cpu = 00:01:00 ; elapsed = 00:01:15 . Memory (MB): peak = 1489.758 ; gain = 503.539
Synthesis Optimization Complete : Time (s): cpu = 00:01:20 ; elapsed = 00:01:21 . Memory (MB): peak = 1489.758 ; gain = 605.477
INFO: [Project 1-571] Translating synthesized netlist
Netlist sorting complete. Time (s): cpu = 00:00:00 ; elapsed = 00:00:00.012 . Memory (MB): peak = 1489.758 ; gain = 0.000
INFO: [Netlist 29-17] Analyzing 40 Unisim elements for replacement
INFO: [Netlist 29-28] Unisim Transformation completed in 0 CPU seconds
INFO: [Project 1-570] Preparing netlist for logic optimization
INFO: [Opt 31-138] Pushed 0 inverter(s) to 0 load pin(s).
Netlist sorting complete. Time (s): cpu = 00:00:00 ; elapsed = 00:00:00.001 . Memory (MB): peak = 1489.758 ; gain = 0.000
INFO: [Project 1-111] Unisim Transformation Summary:
No Unisim elements were transformed.

Synth Design complete | Checksum: 5535debd
INFO: [Common 17-83] Releasing license: Synthesis
37 Infos, 23 Warnings, 0 Critical Warnings and 0 Errors encountered.
synth_design completed successfully
synth_design: Time (s): cpu = 00:01:33 ; elapsed = 00:01:35 . Memory (MB): peak = 1489.758 ; gain = 985.926
INFO: [Common 17-1381] The checkpoint 'C:/Users/vivat/Desktop/hwlab/lab03/lab03.runs/synth_opt/quad_bcd.dcp' has been generated.
INFO: [runtcl-4] Executing : report_utilization -file quad_bcd_utilization_synth.rpt -pb quad_bcd_utilization_synth.pb
INFO: [Common 17-206] Exiting Vivado at Tue Sep 12 13:41:37 2023...
