INFO: [VRFC 10-2263] Analyzing Verilog file "C:/Users/vivat/Desktop/cp-eng-hwsynlab2023/lab05/lab05.srcs/sources_1/imports/hwlab/lab05_srcs/adder.v" into library xil_defaultlib
INFO: [VRFC 10-311] analyzing module adder
INFO: [VRFC 10-2263] Analyzing Verilog file "C:/Users/vivat/Desktop/cp-eng-hwsynlab2023/lab05/lab05.srcs/sources_1/imports/hwlab/lab05_srcs/alu.v" into library xil_defaultlib
INFO: [VRFC 10-311] analyzing module alu
INFO: [VRFC 10-2263] Analyzing Verilog file "C:/Users/vivat/Desktop/cp-eng-hwsynlab2023/lab05/lab05.srcs/sources_1/imports/hwlab/lab05_srcs/control.v" into library xil_defaultlib
INFO: [VRFC 10-311] analyzing module control
INFO: [VRFC 10-2263] Analyzing Verilog file "C:/Users/vivat/Desktop/cp-eng-hwsynlab2023/lab05/lab05.srcs/sources_1/imports/hwlab/lab05_srcs/extender.v" into library xil_defaultlib
INFO: [VRFC 10-311] analyzing module extender
INFO: [VRFC 10-2263] Analyzing Verilog file "C:/Users/vivat/Desktop/cp-eng-hwsynlab2023/lab05/lab05.srcs/sources_1/imports/hwlab/lab05_srcs/memory.v" into library xil_defaultlib
INFO: [VRFC 10-311] analyzing module memory
INFO: [VRFC 10-2263] Analyzing Verilog file "C:/Users/vivat/Desktop/cp-eng-hwsynlab2023/lab05/lab05.srcs/sources_1/imports/hwlab/lab05_srcs/mux2_1.v" into library xil_defaultlib
INFO: [VRFC 10-311] analyzing module mux2_1
INFO: [VRFC 10-2263] Analyzing Verilog file "C:/Users/vivat/Desktop/cp-eng-hwsynlab2023/lab05/lab05.srcs/sources_1/imports/hwlab/lab05_srcs/nanocpu.v" into library xil_defaultlib
INFO: [VRFC 10-311] analyzing module nanocpu
INFO: [VRFC 10-2263] Analyzing Verilog file "C:/Users/vivat/Desktop/cp-eng-hwsynlab2023/lab05/lab05.srcs/sources_1/imports/hwlab/lab05_srcs/regfile.v" into library xil_defaultlib
INFO: [VRFC 10-311] analyzing module regfile
INFO: [VRFC 10-2263] Analyzing Verilog file "C:/Users/vivat/Desktop/cp-eng-hwsynlab2023/lab05/lab05.srcs/sources_1/imports/hwlab/lab05_srcs/rom.v" into library xil_defaultlib
INFO: [VRFC 10-311] analyzing module rom
INFO: [VRFC 10-2263] Analyzing Verilog file "C:/Users/vivat/Desktop/cp-eng-hwsynlab2023/lab05/lab05.srcs/sources_1/imports/hwlab/lab05_srcs/nano_sc_system.v" into library xil_defaultlib
INFO: [VRFC 10-311] analyzing module nano_sc_system
