
*** Running vivado
    with args -log system_uart.vdi -applog -m64 -product Vivado -messageDb vivado.pb -mode batch -source system_uart.tcl -notrace


ECHO is off.
ECHO is off.

****** Vivado v2023.1 (64-bit)
  **** SW Build 3865809 on Sun May  7 15:05:29 MDT 2023
  **** IP Build 3864474 on Sun May  7 20:36:21 MDT 2023
  **** SharedData Build 3865790 on Sun May 07 13:33:03 MDT 2023
    ** Copyright 1986-2022 Xilinx, Inc. All Rights Reserved.
    ** Copyright 2022-2023 Advanced Micro Devices, Inc. All Rights Reserved.

source system_uart.tcl -notrace
create_project: Time (s): cpu = 00:00:04 ; elapsed = 00:00:06 . Memory (MB): peak = 454.441 ; gain = 158.336
Command: link_design -top system_uart -part xc7a35tcpg236-1
Design is defaulting to srcset: sources_1
Design is defaulting to constrset: constrs_1
INFO: [Device 21-403] Loading part xc7a35tcpg236-1
Netlist sorting complete. Time (s): cpu = 00:00:00 ; elapsed = 00:00:00.001 . Memory (MB): peak = 862.508 ; gain = 0.000
INFO: [Netlist 29-17] Analyzing 8 Unisim elements for replacement
INFO: [Netlist 29-28] Unisim Transformation completed in 0 CPU seconds
INFO: [Project 1-479] Netlist was created with Vivado 2023.1
INFO: [Project 1-570] Preparing netlist for logic optimization
Parsing XDC File [C:/Users/vivat/Desktop/cp-eng-hwsynlab2023/lab06/lab06.srcs/constrs_1/imports/cp-eng-hwsynlab2023/Basys-3-Master-Custom.xdc]
Finished Parsing XDC File [C:/Users/vivat/Desktop/cp-eng-hwsynlab2023/lab06/lab06.srcs/constrs_1/imports/cp-eng-hwsynlab2023/Basys-3-Master-Custom.xdc]
INFO: [Opt 31-138] Pushed 0 inverter(s) to 0 load pin(s).
Netlist sorting complete. Time (s): cpu = 00:00:00 ; elapsed = 00:00:00 . Memory (MB): peak = 994.719 ; gain = 0.000
INFO: [Project 1-111] Unisim Transformation Summary:
No Unisim elements were transformed.

7 Infos, 0 Warnings, 0 Critical Warnings and 0 Errors encountered.
link_design completed successfully
link_design: Time (s): cpu = 00:00:04 ; elapsed = 00:00:06 . Memory (MB): peak = 998.707 ; gain = 537.496
INFO: [Common 17-600] The following parameters have non-default value.
general.maxThreads
Command: opt_design
Attempting to get a license for feature 'Implementation' and/or device 'xc7a35t'
INFO: [Common 17-349] Got license for feature 'Implementation' and/or device 'xc7a35t'
Running DRC as a precondition to command opt_design

Starting DRC Task
INFO: [DRC 23-27] Running DRC with 16 threads
INFO: [Project 1-461] DRC finished with 0 Errors
INFO: [Project 1-462] Please refer to the DRC report (report_drc) for more information.

Time (s): cpu = 00:00:01 ; elapsed = 00:00:00.962 . Memory (MB): peak = 1020.070 ; gain = 21.363

Starting Cache Timing Information Task
INFO: [Timing 38-35] Done setting XDC timing constraints.
Ending Cache Timing Information Task | Checksum: 195c10109

Time (s): cpu = 00:00:05 ; elapsed = 00:00:08 . Memory (MB): peak = 1571.164 ; gain = 551.094

Starting Logic Optimization Task

Phase 1 Retarget
INFO: [Opt 31-138] Pushed 0 inverter(s) to 0 load pin(s).
INFO: [Opt 31-49] Retargeted 0 cell(s).
Phase 1 Retarget | Checksum: 195c10109

Time (s): cpu = 00:00:00 ; elapsed = 00:00:00.015 . Memory (MB): peak = 1908.309 ; gain = 0.000
INFO: [Opt 31-389] Phase Retarget created 0 cells and removed 0 cells

Phase 2 Constant propagation
INFO: [Opt 31-138] Pushed 0 inverter(s) to 0 load pin(s).
Phase 2 Constant propagation | Checksum: 195c10109

Time (s): cpu = 00:00:00 ; elapsed = 00:00:00.017 . Memory (MB): peak = 1908.309 ; gain = 0.000
INFO: [Opt 31-389] Phase Constant propagation created 0 cells and removed 0 cells

Phase 3 Sweep
Phase 3 Sweep | Checksum: 24f831a6c

Time (s): cpu = 00:00:00 ; elapsed = 00:00:00.019 . Memory (MB): peak = 1908.309 ; gain = 0.000
INFO: [Opt 31-389] Phase Sweep created 0 cells and removed 0 cells

Phase 4 BUFG optimization
Phase 4 BUFG optimization | Checksum: 24f831a6c

Time (s): cpu = 00:00:00 ; elapsed = 00:00:00.050 . Memory (MB): peak = 1908.309 ; gain = 0.000
INFO: [Opt 31-662] Phase BUFG optimization created 0 cells of which 0 are BUFGs and removed 0 cells.

Phase 5 Shift Register Optimization
INFO: [Opt 31-1064] SRL Remap converted 0 SRLs to 0 registers and converted 0 registers of register chains to 0 SRLs
Phase 5 Shift Register Optimization | Checksum: 15d735734

Time (s): cpu = 00:00:00 ; elapsed = 00:00:00.058 . Memory (MB): peak = 1908.309 ; gain = 0.000
INFO: [Opt 31-389] Phase Shift Register Optimization created 0 cells and removed 0 cells

Phase 6 Post Processing Netlist
Phase 6 Post Processing Netlist | Checksum: 15d735734

Time (s): cpu = 00:00:00 ; elapsed = 00:00:00.059 . Memory (MB): peak = 1908.309 ; gain = 0.000
INFO: [Opt 31-389] Phase Post Processing Netlist created 0 cells and removed 0 cells
Opt_design Change Summary
=========================


-------------------------------------------------------------------------------------------------------------------------
|  Phase                        |  #Cells created  |  #Cells Removed  |  #Constrained objects preventing optimizations  |
-------------------------------------------------------------------------------------------------------------------------
|  Retarget                     |               0  |               0  |                                              0  |
|  Constant propagation         |               0  |               0  |                                              0  |
|  Sweep                        |               0  |               0  |                                              0  |
|  BUFG optimization            |               0  |               0  |                                              0  |
|  Shift Register Optimization  |               0  |               0  |                                              0  |
|  Post Processing Netlist      |               0  |               0  |                                              0  |
-------------------------------------------------------------------------------------------------------------------------



Starting Connectivity Check Task

Time (s): cpu = 00:00:00 ; elapsed = 00:00:00 . Memory (MB): peak = 1908.309 ; gain = 0.000
Ending Logic Optimization Task | Checksum: 15d735734

Time (s): cpu = 00:00:00 ; elapsed = 00:00:00.061 . Memory (MB): peak = 1908.309 ; gain = 0.000

Starting Power Optimization Task
INFO: [Pwropt 34-132] Skipping clock gating for clocks with a period < 2.00 ns.
Ending Power Optimization Task | Checksum: 15d735734

Time (s): cpu = 00:00:00 ; elapsed = 00:00:00.007 . Memory (MB): peak = 1908.309 ; gain = 0.000

Starting Final Cleanup Task
Ending Final Cleanup Task | Checksum: 15d735734

Time (s): cpu = 00:00:00 ; elapsed = 00:00:00 . Memory (MB): peak = 1908.309 ; gain = 0.000

Starting Netlist Obfuscation Task
Netlist sorting complete. Time (s): cpu = 00:00:00 ; elapsed = 00:00:00 . Memory (MB): peak = 1908.309 ; gain = 0.000
Ending Netlist Obfuscation Task | Checksum: 15d735734

Time (s): cpu = 00:00:00 ; elapsed = 00:00:00 . Memory (MB): peak = 1908.309 ; gain = 0.000
INFO: [Common 17-83] Releasing license: Implementation
25 Infos, 0 Warnings, 0 Critical Warnings and 0 Errors encountered.
opt_design completed successfully
opt_design: Time (s): cpu = 00:00:08 ; elapsed = 00:00:11 . Memory (MB): peak = 1908.309 ; gain = 909.602
INFO: [Common 17-600] The following parameters have non-default value.
general.maxThreads
INFO: [runtcl-4] Executing : report_drc -file system_uart_drc_opted.rpt -pb system_uart_drc_opted.pb -rpx system_uart_drc_opted.rpx
Command: report_drc -file system_uart_drc_opted.rpt -pb system_uart_drc_opted.pb -rpx system_uart_drc_opted.rpx
INFO: [IP_Flow 19-234] Refreshing IP repositories
INFO: [IP_Flow 19-1704] No user IP repositories specified
INFO: [IP_Flow 19-2313] Loaded Vivado IP repository 'C:/Xilinx/Vivado/2023.1/data/ip'.
INFO: [DRC 23-27] Running DRC with 16 threads
INFO: [Vivado_Tcl 2-168] The results of DRC are in file C:/Users/vivat/Desktop/cp-eng-hwsynlab2023/lab06/lab06.runs/impl_1/system_uart_drc_opted.rpt.
report_drc completed successfully
INFO: [Timing 38-480] Writing timing data to binary archive.
Writing XDEF routing.
Writing XDEF routing logical nets.
Writing XDEF routing special nets.
Write XDEF Complete: Time (s): cpu = 00:00:00 ; elapsed = 00:00:00.029 . Memory (MB): peak = 1908.309 ; gain = 0.000
INFO: [Common 17-1381] The checkpoint 'C:/Users/vivat/Desktop/cp-eng-hwsynlab2023/lab06/lab06.runs/impl_1/system_uart_opt.dcp' has been generated.
Command: place_design
Attempting to get a license for feature 'Implementation' and/or device 'xc7a35t'
INFO: [Common 17-349] Got license for feature 'Implementation' and/or device 'xc7a35t'
INFO: [DRC 23-27] Running DRC with 16 threads
INFO: [Vivado_Tcl 4-198] DRC finished with 0 Errors
INFO: [Vivado_Tcl 4-199] Please refer to the DRC report (report_drc) for more information.
Running DRC as a precondition to command place_design
INFO: [DRC 23-27] Running DRC with 16 threads
INFO: [Vivado_Tcl 4-198] DRC finished with 0 Errors
INFO: [Vivado_Tcl 4-199] Please refer to the DRC report (report_drc) for more information.

Starting Placer Task
INFO: [Place 30-611] Multithreading enabled for place_design using a maximum of 16 CPUs

Phase 1 Placer Initialization

Phase 1.1 Placer Initialization Netlist Sorting
Netlist sorting complete. Time (s): cpu = 00:00:00 ; elapsed = 00:00:00 . Memory (MB): peak = 1908.309 ; gain = 0.000
Phase 1.1 Placer Initialization Netlist Sorting | Checksum: f6af4f62

Time (s): cpu = 00:00:00 ; elapsed = 00:00:00.005 . Memory (MB): peak = 1908.309 ; gain = 0.000
Netlist sorting complete. Time (s): cpu = 00:00:00 ; elapsed = 00:00:00 . Memory (MB): peak = 1908.309 ; gain = 0.000

Phase 1.2 IO Placement/ Clock Placement/ Build Placer Device
INFO: [Timing 38-35] Done setting XDC timing constraints.
WARNING: [Place 30-568] A LUT 'rx_handler/write_i_2' is driving clock pin of 1 registers. This could lead to large hold time violations. First few involved registers are:
	write_reg {FDRE}
Phase 1.2 IO Placement/ Clock Placement/ Build Placer Device | Checksum: 9644f5e2

Time (s): cpu = 00:00:01 ; elapsed = 00:00:00.323 . Memory (MB): peak = 1908.309 ; gain = 0.000

Phase 1.3 Build Placer Netlist Model
Phase 1.3 Build Placer Netlist Model | Checksum: 10327f81d

Time (s): cpu = 00:00:01 ; elapsed = 00:00:00.698 . Memory (MB): peak = 1908.309 ; gain = 0.000

Phase 1.4 Constrain Clocks/Macros
Phase 1.4 Constrain Clocks/Macros | Checksum: 10327f81d

Time (s): cpu = 00:00:01 ; elapsed = 00:00:00.700 . Memory (MB): peak = 1908.309 ; gain = 0.000
Phase 1 Placer Initialization | Checksum: 10327f81d

Time (s): cpu = 00:00:01 ; elapsed = 00:00:00.702 . Memory (MB): peak = 1908.309 ; gain = 0.000

Phase 2 Global Placement

Phase 2.1 Floorplanning
Phase 2.1 Floorplanning | Checksum: 10bb61108

Time (s): cpu = 00:00:02 ; elapsed = 00:00:01 . Memory (MB): peak = 1908.309 ; gain = 0.000

Phase 2.2 Update Timing before SLR Path Opt
Phase 2.2 Update Timing before SLR Path Opt | Checksum: 1427524ef

Time (s): cpu = 00:00:02 ; elapsed = 00:00:01 . Memory (MB): peak = 1908.309 ; gain = 0.000

Phase 2.3 Post-Processing in Floorplanning
Phase 2.3 Post-Processing in Floorplanning | Checksum: 1427524ef

Time (s): cpu = 00:00:02 ; elapsed = 00:00:01 . Memory (MB): peak = 1908.309 ; gain = 0.000

Phase 2.4 Global Placement Core

Phase 2.4.1 UpdateTiming Before Physical Synthesis
Phase 2.4.1 UpdateTiming Before Physical Synthesis | Checksum: bd0e7f48

Time (s): cpu = 00:00:08 ; elapsed = 00:00:08 . Memory (MB): peak = 1908.309 ; gain = 0.000

Phase 2.4.2 Physical Synthesis In Placer
INFO: [Physopt 32-1035] Found 0 LUTNM shape to break, 3 LUT instances to create LUTNM shape
INFO: [Physopt 32-1044] Break lutnm for timing: one critical 0, two critical 0, total 0, new lutff created 0
INFO: [Physopt 32-1138] End 1 Pass. Optimized 1 net or LUT. Breaked 0 LUT, combined 1 existing LUT and moved 0 existing LUT
INFO: [Physopt 32-65] No nets found for high-fanout optimization.
INFO: [Physopt 32-232] Optimized 0 net. Created 0 new instance.
INFO: [Physopt 32-775] End 1 Pass. Optimized 0 net or cell. Created 0 new cell, deleted 0 existing cell and moved 0 existing cell
INFO: [Physopt 32-670] No setup violation found.  DSP Register Optimization was not performed.
INFO: [Physopt 32-670] No setup violation found.  Shift Register to Pipeline Optimization was not performed.
INFO: [Physopt 32-670] No setup violation found.  Shift Register Optimization was not performed.
INFO: [Physopt 32-670] No setup violation found.  BRAM Register Optimization was not performed.
INFO: [Physopt 32-670] No setup violation found.  URAM Register Optimization was not performed.
INFO: [Physopt 32-949] No candidate nets found for dynamic/static region interface net replication
INFO: [Physopt 32-775] End 1 Pass. Optimized 0 net or cell. Created 0 new cell, deleted 0 existing cell and moved 0 existing cell
Netlist sorting complete. Time (s): cpu = 00:00:00 ; elapsed = 00:00:00 . Memory (MB): peak = 1908.309 ; gain = 0.000

Summary of Physical Synthesis Optimizations
============================================


-----------------------------------------------------------------------------------------------------------------------------------------------------------
|  Optimization                                     |  Added Cells  |  Removed Cells  |  Optimized Cells/Nets  |  Dont Touch  |  Iterations  |  Elapsed   |
-----------------------------------------------------------------------------------------------------------------------------------------------------------
|  LUT Combining                                    |            0  |              1  |                     1  |           0  |           1  |  00:00:00  |
|  Retime                                           |            0  |              0  |                     0  |           0  |           1  |  00:00:00  |
|  Very High Fanout                                 |            0  |              0  |                     0  |           0  |           1  |  00:00:00  |
|  DSP Register                                     |            0  |              0  |                     0  |           0  |           0  |  00:00:00  |
|  Shift Register to Pipeline                       |            0  |              0  |                     0  |           0  |           0  |  00:00:00  |
|  Shift Register                                   |            0  |              0  |                     0  |           0  |           0  |  00:00:00  |
|  BRAM Register                                    |            0  |              0  |                     0  |           0  |           0  |  00:00:00  |
|  URAM Register                                    |            0  |              0  |                     0  |           0  |           0  |  00:00:00  |
|  Dynamic/Static Region Interface Net Replication  |            0  |              0  |                     0  |           0  |           1  |  00:00:00  |
|  Total                                            |            0  |              1  |                     1  |           0  |           4  |  00:00:00  |
-----------------------------------------------------------------------------------------------------------------------------------------------------------


Phase 2.4.2 Physical Synthesis In Placer | Checksum: 10601dcc0

Time (s): cpu = 00:00:08 ; elapsed = 00:00:08 . Memory (MB): peak = 1908.309 ; gain = 0.000
Phase 2.4 Global Placement Core | Checksum: 19ad8a5cf

Time (s): cpu = 00:00:09 ; elapsed = 00:00:09 . Memory (MB): peak = 1908.309 ; gain = 0.000
Phase 2 Global Placement | Checksum: 19ad8a5cf

Time (s): cpu = 00:00:09 ; elapsed = 00:00:09 . Memory (MB): peak = 1908.309 ; gain = 0.000

Phase 3 Detail Placement

Phase 3.1 Commit Multi Column Macros
Phase 3.1 Commit Multi Column Macros | Checksum: 12f37c5e9

Time (s): cpu = 00:00:09 ; elapsed = 00:00:09 . Memory (MB): peak = 1908.309 ; gain = 0.000

Phase 3.2 Commit Most Macros & LUTRAMs
Phase 3.2 Commit Most Macros & LUTRAMs | Checksum: 146b1e8e5

Time (s): cpu = 00:00:09 ; elapsed = 00:00:09 . Memory (MB): peak = 1908.309 ; gain = 0.000

Phase 3.3 Area Swap Optimization
Phase 3.3 Area Swap Optimization | Checksum: 1860f138d

Time (s): cpu = 00:00:09 ; elapsed = 00:00:09 . Memory (MB): peak = 1908.309 ; gain = 0.000

Phase 3.4 Pipeline Register Optimization
Phase 3.4 Pipeline Register Optimization | Checksum: 1851f3fe2

Time (s): cpu = 00:00:09 ; elapsed = 00:00:09 . Memory (MB): peak = 1908.309 ; gain = 0.000

Phase 3.5 Small Shape Detail Placement
Phase 3.5 Small Shape Detail Placement | Checksum: 145392566

Time (s): cpu = 00:00:09 ; elapsed = 00:00:10 . Memory (MB): peak = 1908.309 ; gain = 0.000

Phase 3.6 Re-assign LUT pins
Phase 3.6 Re-assign LUT pins | Checksum: 1738cbf51

Time (s): cpu = 00:00:10 ; elapsed = 00:00:10 . Memory (MB): peak = 1908.309 ; gain = 0.000

Phase 3.7 Pipeline Register Optimization
Phase 3.7 Pipeline Register Optimization | Checksum: 1729cedf6

Time (s): cpu = 00:00:10 ; elapsed = 00:00:10 . Memory (MB): peak = 1908.309 ; gain = 0.000
Phase 3 Detail Placement | Checksum: 1729cedf6

Time (s): cpu = 00:00:10 ; elapsed = 00:00:10 . Memory (MB): peak = 1908.309 ; gain = 0.000

Phase 4 Post Placement Optimization and Clean-Up

Phase 4.1 Post Commit Optimization
INFO: [Timing 38-35] Done setting XDC timing constraints.

Phase 4.1.1 Post Placement Optimization
Post Placement Optimization Initialization | Checksum: 175e029e7

Phase 4.1.1.1 BUFG Insertion

Starting Physical Synthesis Task

Phase 1 Physical Synthesis Initialization
INFO: [Physopt 32-721] Multithreading enabled for phys_opt_design using a maximum of 16 CPUs
INFO: [Physopt 32-619] Estimated Timing Summary | WNS=5.732 | TNS=0.000 |
Phase 1 Physical Synthesis Initialization | Checksum: 198ff0473

Time (s): cpu = 00:00:00 ; elapsed = 00:00:00.015 . Memory (MB): peak = 1908.309 ; gain = 0.000
INFO: [Place 46-56] BUFG insertion identified 0 candidate nets. Inserted BUFG: 0, Replicated BUFG Driver: 0, Skipped due to Placement/Routing Conflicts: 0, Skipped due to Timing Degradation: 0, Skipped due to netlist editing failed: 0.
Ending Physical Synthesis Task | Checksum: 198ff0473

Time (s): cpu = 00:00:00 ; elapsed = 00:00:00.017 . Memory (MB): peak = 1908.309 ; gain = 0.000
Phase 4.1.1.1 BUFG Insertion | Checksum: 175e029e7

Time (s): cpu = 00:00:10 ; elapsed = 00:00:10 . Memory (MB): peak = 1908.309 ; gain = 0.000

Phase 4.1.1.2 Post Placement Timing Optimization
INFO: [Place 30-746] Post Placement Timing Summary WNS=5.732. For the most accurate timing information please run report_timing.
Phase 4.1.1.2 Post Placement Timing Optimization | Checksum: 138ff866a

Time (s): cpu = 00:00:10 ; elapsed = 00:00:10 . Memory (MB): peak = 1908.309 ; gain = 0.000

Time (s): cpu = 00:00:10 ; elapsed = 00:00:10 . Memory (MB): peak = 1908.309 ; gain = 0.000
Phase 4.1 Post Commit Optimization | Checksum: 138ff866a

Time (s): cpu = 00:00:10 ; elapsed = 00:00:10 . Memory (MB): peak = 1908.309 ; gain = 0.000

Phase 4.2 Post Placement Cleanup
Phase 4.2 Post Placement Cleanup | Checksum: 138ff866a

Time (s): cpu = 00:00:10 ; elapsed = 00:00:10 . Memory (MB): peak = 1908.309 ; gain = 0.000

Phase 4.3 Placer Reporting

Phase 4.3.1 Print Estimated Congestion
INFO: [Place 30-612] Post-Placement Estimated Congestion 
 ____________________________________________________
|           | Global Congestion | Short Congestion  |
| Direction | Region Size       | Region Size       |
|___________|___________________|___________________|
|      North|                1x1|                1x1|
|___________|___________________|___________________|
|      South|                1x1|                1x1|
|___________|___________________|___________________|
|       East|                1x1|                1x1|
|___________|___________________|___________________|
|       West|                1x1|                1x1|
|___________|___________________|___________________|

Phase 4.3.1 Print Estimated Congestion | Checksum: 138ff866a

Time (s): cpu = 00:00:10 ; elapsed = 00:00:10 . Memory (MB): peak = 1908.309 ; gain = 0.000
Phase 4.3 Placer Reporting | Checksum: 138ff866a

Time (s): cpu = 00:00:10 ; elapsed = 00:00:10 . Memory (MB): peak = 1908.309 ; gain = 0.000

Phase 4.4 Final Placement Cleanup
Netlist sorting complete. Time (s): cpu = 00:00:00 ; elapsed = 00:00:00 . Memory (MB): peak = 1908.309 ; gain = 0.000

Time (s): cpu = 00:00:10 ; elapsed = 00:00:10 . Memory (MB): peak = 1908.309 ; gain = 0.000
Phase 4 Post Placement Optimization and Clean-Up | Checksum: 193b8277b

Time (s): cpu = 00:00:10 ; elapsed = 00:00:10 . Memory (MB): peak = 1908.309 ; gain = 0.000
Ending Placer Task | Checksum: 18cf39db2

Time (s): cpu = 00:00:10 ; elapsed = 00:00:10 . Memory (MB): peak = 1908.309 ; gain = 0.000
INFO: [Common 17-83] Releasing license: Implementation
63 Infos, 1 Warnings, 0 Critical Warnings and 0 Errors encountered.
place_design completed successfully
place_design: Time (s): cpu = 00:00:10 ; elapsed = 00:00:11 . Memory (MB): peak = 1908.309 ; gain = 0.000
INFO: [Common 17-600] The following parameters have non-default value.
general.maxThreads
INFO: [runtcl-4] Executing : report_io -file system_uart_io_placed.rpt
report_io: Time (s): cpu = 00:00:00 ; elapsed = 00:00:00.058 . Memory (MB): peak = 1908.309 ; gain = 0.000
INFO: [runtcl-4] Executing : report_utilization -file system_uart_utilization_placed.rpt -pb system_uart_utilization_placed.pb
INFO: [runtcl-4] Executing : report_control_sets -verbose -file system_uart_control_sets_placed.rpt
report_control_sets: Time (s): cpu = 00:00:00 ; elapsed = 00:00:00.002 . Memory (MB): peak = 1908.309 ; gain = 0.000
INFO: [Timing 38-480] Writing timing data to binary archive.
Writing XDEF routing.
Writing XDEF routing logical nets.
Writing XDEF routing special nets.
Write XDEF Complete: Time (s): cpu = 00:00:00 ; elapsed = 00:00:00.045 . Memory (MB): peak = 1908.309 ; gain = 0.000
INFO: [Common 17-1381] The checkpoint 'C:/Users/vivat/Desktop/cp-eng-hwsynlab2023/lab06/lab06.runs/impl_1/system_uart_placed.dcp' has been generated.
Command: phys_opt_design
Attempting to get a license for feature 'Implementation' and/or device 'xc7a35t'
INFO: [Common 17-349] Got license for feature 'Implementation' and/or device 'xc7a35t'

Starting Initial Update Timing Task

Time (s): cpu = 00:00:00 ; elapsed = 00:00:00.048 . Memory (MB): peak = 1917.023 ; gain = 8.715
INFO: [Vivado_Tcl 4-383] Design worst setup slack (WNS) is greater than or equal to 0.000 ns. Skipping all physical synthesis optimizations.
INFO: [Vivado_Tcl 4-232] No setup violation found. The netlist was not modified.
INFO: [Common 17-83] Releasing license: Implementation
73 Infos, 1 Warnings, 0 Critical Warnings and 0 Errors encountered.
phys_opt_design completed successfully
INFO: [Common 17-600] The following parameters have non-default value.
general.maxThreads
INFO: [Timing 38-480] Writing timing data to binary archive.
Writing XDEF routing.
Writing XDEF routing logical nets.
Writing XDEF routing special nets.
Write XDEF Complete: Time (s): cpu = 00:00:00 ; elapsed = 00:00:00.047 . Memory (MB): peak = 1940.867 ; gain = 23.844
INFO: [Common 17-1381] The checkpoint 'C:/Users/vivat/Desktop/cp-eng-hwsynlab2023/lab06/lab06.runs/impl_1/system_uart_physopt.dcp' has been generated.
Command: route_design
Attempting to get a license for feature 'Implementation' and/or device 'xc7a35t'
INFO: [Common 17-349] Got license for feature 'Implementation' and/or device 'xc7a35t'
Running DRC as a precondition to command route_design
INFO: [DRC 23-27] Running DRC with 16 threads
INFO: [Vivado_Tcl 4-198] DRC finished with 0 Errors
INFO: [Vivado_Tcl 4-199] Please refer to the DRC report (report_drc) for more information.


Starting Routing Task
INFO: [Route 35-254] Multithreading enabled for route_design using a maximum of 16 CPUs

Phase 1 Build RT Design
Checksum: PlaceDB: bb3e285d ConstDB: 0 ShapeSum: d1b57555 RouteDB: 0
Post Restoration Checksum: NetGraph: 200fb451 | NumContArr: afdd2bbe | Constraints: 190a55ad | Timing: 0
Phase 1 Build RT Design | Checksum: e8f735bc

Time (s): cpu = 00:00:14 ; elapsed = 00:00:19 . Memory (MB): peak = 2085.004 ; gain = 120.707

Phase 2 Router Initialization

Phase 2.1 Fix Topology Constraints
Phase 2.1 Fix Topology Constraints | Checksum: e8f735bc

Time (s): cpu = 00:00:14 ; elapsed = 00:00:19 . Memory (MB): peak = 2085.062 ; gain = 120.766

Phase 2.2 Pre Route Cleanup
Phase 2.2 Pre Route Cleanup | Checksum: e8f735bc

Time (s): cpu = 00:00:14 ; elapsed = 00:00:19 . Memory (MB): peak = 2085.062 ; gain = 120.766
 Number of Nodes with overlaps = 0

Phase 2.3 Update Timing
Phase 2.3 Update Timing | Checksum: 1c861744b

Time (s): cpu = 00:00:15 ; elapsed = 00:00:19 . Memory (MB): peak = 2096.641 ; gain = 132.344
INFO: [Route 35-416] Intermediate Timing Summary | WNS=5.708  | TNS=0.000  | WHS=-0.113 | THS=-1.959 |


Router Utilization Summary
  Global Vertical Routing Utilization    = 0.00151479 %
  Global Horizontal Routing Utilization  = 0.00780843 %
  Routable Net Status*
  *Does not include unroutable nets such as driverless and loadless.
  Run report_route_status for detailed report.
  Number of Failed Nets               = 179
    (Failed Nets is the sum of unrouted and partially routed nets)
  Number of Unrouted Nets             = 178
  Number of Partially Routed Nets     = 1
  Number of Node Overlaps             = 1

Phase 2 Router Initialization | Checksum: 298325f89

Time (s): cpu = 00:00:15 ; elapsed = 00:00:19 . Memory (MB): peak = 2099.672 ; gain = 135.375

Phase 3 Initial Routing

Phase 3.1 Global Routing
Phase 3.1 Global Routing | Checksum: 298325f89

Time (s): cpu = 00:00:15 ; elapsed = 00:00:19 . Memory (MB): peak = 2099.672 ; gain = 135.375
Phase 3 Initial Routing | Checksum: 1c91df0ff

Time (s): cpu = 00:00:15 ; elapsed = 00:00:19 . Memory (MB): peak = 2099.672 ; gain = 135.375

Phase 4 Rip-up And Reroute

Phase 4.1 Global Iteration 0
 Number of Nodes with overlaps = 13
 Number of Nodes with overlaps = 0
INFO: [Route 35-416] Intermediate Timing Summary | WNS=5.158  | TNS=0.000  | WHS=N/A    | THS=N/A    |

Phase 4.1 Global Iteration 0 | Checksum: 18ab0f9e1

Time (s): cpu = 00:00:15 ; elapsed = 00:00:19 . Memory (MB): peak = 2105.016 ; gain = 140.719
Phase 4 Rip-up And Reroute | Checksum: 18ab0f9e1

Time (s): cpu = 00:00:15 ; elapsed = 00:00:19 . Memory (MB): peak = 2105.016 ; gain = 140.719

Phase 5 Delay and Skew Optimization

Phase 5.1 Delay CleanUp

Phase 5.1.1 Update Timing
Phase 5.1.1 Update Timing | Checksum: 19899ab67

Time (s): cpu = 00:00:15 ; elapsed = 00:00:19 . Memory (MB): peak = 2105.020 ; gain = 140.723
INFO: [Route 35-416] Intermediate Timing Summary | WNS=5.251  | TNS=0.000  | WHS=N/A    | THS=N/A    |

Phase 5.1 Delay CleanUp | Checksum: 19899ab67

Time (s): cpu = 00:00:15 ; elapsed = 00:00:19 . Memory (MB): peak = 2105.020 ; gain = 140.723

Phase 5.2 Clock Skew Optimization
Phase 5.2 Clock Skew Optimization | Checksum: 19899ab67

Time (s): cpu = 00:00:15 ; elapsed = 00:00:19 . Memory (MB): peak = 2105.020 ; gain = 140.723
Phase 5 Delay and Skew Optimization | Checksum: 19899ab67

Time (s): cpu = 00:00:15 ; elapsed = 00:00:19 . Memory (MB): peak = 2105.020 ; gain = 140.723

Phase 6 Post Hold Fix

Phase 6.1 Hold Fix Iter

Phase 6.1.1 Update Timing
Phase 6.1.1 Update Timing | Checksum: 19a642e14

Time (s): cpu = 00:00:15 ; elapsed = 00:00:19 . Memory (MB): peak = 2105.023 ; gain = 140.727
INFO: [Route 35-416] Intermediate Timing Summary | WNS=5.251  | TNS=0.000  | WHS=0.203  | THS=0.000  |

Phase 6.1 Hold Fix Iter | Checksum: 1cc749ebd

Time (s): cpu = 00:00:15 ; elapsed = 00:00:19 . Memory (MB): peak = 2105.023 ; gain = 140.727
Phase 6 Post Hold Fix | Checksum: 1cc749ebd

Time (s): cpu = 00:00:15 ; elapsed = 00:00:19 . Memory (MB): peak = 2105.023 ; gain = 140.727

Phase 7 Route finalize

Router Utilization Summary
  Global Vertical Routing Utilization    = 0.0448059 %
  Global Horizontal Routing Utilization  = 0.0461999 %
  Routable Net Status*
  *Does not include unroutable nets such as driverless and loadless.
  Run report_route_status for detailed report.
  Number of Failed Nets               = 0
    (Failed Nets is the sum of unrouted and partially routed nets)
  Number of Unrouted Nets             = 0
  Number of Partially Routed Nets     = 0
  Number of Node Overlaps             = 0

Phase 7 Route finalize | Checksum: e3ae0fd2

Time (s): cpu = 00:00:15 ; elapsed = 00:00:19 . Memory (MB): peak = 2105.023 ; gain = 140.727

Phase 8 Verifying routed nets

 Verification completed successfully
Phase 8 Verifying routed nets | Checksum: e3ae0fd2

Time (s): cpu = 00:00:15 ; elapsed = 00:00:19 . Memory (MB): peak = 2107.176 ; gain = 142.879

Phase 9 Depositing Routes
Phase 9 Depositing Routes | Checksum: 174373c96

Time (s): cpu = 00:00:15 ; elapsed = 00:00:19 . Memory (MB): peak = 2107.176 ; gain = 142.879

Phase 10 Post Router Timing
INFO: [Route 35-57] Estimated Timing Summary | WNS=5.251  | TNS=0.000  | WHS=0.203  | THS=0.000  |

INFO: [Route 35-327] The final timing numbers are based on the router estimated timing analysis. For a complete and accurate timing signoff, please run report_timing_summary.
Phase 10 Post Router Timing | Checksum: 174373c96

Time (s): cpu = 00:00:15 ; elapsed = 00:00:19 . Memory (MB): peak = 2107.176 ; gain = 142.879
INFO: [Route 35-16] Router Completed Successfully

Phase 11 Post-Route Event Processing
Phase 11 Post-Route Event Processing | Checksum: 18163e280

Time (s): cpu = 00:00:15 ; elapsed = 00:00:19 . Memory (MB): peak = 2107.176 ; gain = 142.879

Time (s): cpu = 00:00:15 ; elapsed = 00:00:19 . Memory (MB): peak = 2107.176 ; gain = 142.879

Routing Is Done.
INFO: [Common 17-83] Releasing license: Implementation
89 Infos, 1 Warnings, 0 Critical Warnings and 0 Errors encountered.
route_design completed successfully
route_design: Time (s): cpu = 00:00:16 ; elapsed = 00:00:20 . Memory (MB): peak = 2107.176 ; gain = 166.309
INFO: [Common 17-600] The following parameters have non-default value.
general.maxThreads
INFO: [runtcl-4] Executing : report_drc -file system_uart_drc_routed.rpt -pb system_uart_drc_routed.pb -rpx system_uart_drc_routed.rpx
Command: report_drc -file system_uart_drc_routed.rpt -pb system_uart_drc_routed.pb -rpx system_uart_drc_routed.rpx
INFO: [IP_Flow 19-1839] IP Catalog is up to date.
INFO: [DRC 23-27] Running DRC with 16 threads
INFO: [Vivado_Tcl 2-168] The results of DRC are in file C:/Users/vivat/Desktop/cp-eng-hwsynlab2023/lab06/lab06.runs/impl_1/system_uart_drc_routed.rpt.
report_drc completed successfully
INFO: [runtcl-4] Executing : report_methodology -file system_uart_methodology_drc_routed.rpt -pb system_uart_methodology_drc_routed.pb -rpx system_uart_methodology_drc_routed.rpx
Command: report_methodology -file system_uart_methodology_drc_routed.rpt -pb system_uart_methodology_drc_routed.pb -rpx system_uart_methodology_drc_routed.rpx
INFO: [Timing 38-35] Done setting XDC timing constraints.
INFO: [DRC 23-133] Running Methodology with 16 threads
INFO: [Vivado_Tcl 2-1520] The results of Report Methodology are in file C:/Users/vivat/Desktop/cp-eng-hwsynlab2023/lab06/lab06.runs/impl_1/system_uart_methodology_drc_routed.rpt.
report_methodology completed successfully
INFO: [runtcl-4] Executing : report_power -file system_uart_power_routed.rpt -pb system_uart_power_summary_routed.pb -rpx system_uart_power_routed.rpx
Command: report_power -file system_uart_power_routed.rpt -pb system_uart_power_summary_routed.pb -rpx system_uart_power_routed.rpx
INFO: [Timing 38-35] Done setting XDC timing constraints.
Running Vector-less Activity Propagation...

Finished Running Vector-less Activity Propagation
100 Infos, 1 Warnings, 0 Critical Warnings and 0 Errors encountered.
report_power completed successfully
INFO: [runtcl-4] Executing : report_route_status -file system_uart_route_status.rpt -pb system_uart_route_status.pb
INFO: [runtcl-4] Executing : report_timing_summary -max_paths 10 -report_unconstrained -file system_uart_timing_summary_routed.rpt -pb system_uart_timing_summary_routed.pb -rpx system_uart_timing_summary_routed.rpx -warn_on_violation 
INFO: [Timing 38-91] UpdateTimingParams: Speed grade: -1, Delay Type: min_max.
INFO: [Timing 38-191] Multithreading enabled for timing update using a maximum of 16 CPUs
INFO: [runtcl-4] Executing : report_incremental_reuse -file system_uart_incremental_reuse_routed.rpt
INFO: [Vivado_Tcl 4-1062] Incremental flow is disabled. No incremental reuse Info to report.
INFO: [runtcl-4] Executing : report_clock_utilization -file system_uart_clock_utilization_routed.rpt
INFO: [runtcl-4] Executing : report_bus_skew -warn_on_violation -file system_uart_bus_skew_routed.rpt -pb system_uart_bus_skew_routed.pb -rpx system_uart_bus_skew_routed.rpx
INFO: [Timing 38-91] UpdateTimingParams: Speed grade: -1, Delay Type: min_max.
INFO: [Timing 38-191] Multithreading enabled for timing update using a maximum of 16 CPUs
INFO: [Timing 38-480] Writing timing data to binary archive.
Writing XDEF routing.
Writing XDEF routing logical nets.
Writing XDEF routing special nets.
Write XDEF Complete: Time (s): cpu = 00:00:00 ; elapsed = 00:00:00.049 . Memory (MB): peak = 2228.383 ; gain = 0.000
INFO: [Common 17-1381] The checkpoint 'C:/Users/vivat/Desktop/cp-eng-hwsynlab2023/lab06/lab06.runs/impl_1/system_uart_routed.dcp' has been generated.
Command: write_bitstream -force system_uart.bit
Attempting to get a license for feature 'Implementation' and/or device 'xc7a35t'
INFO: [Common 17-349] Got license for feature 'Implementation' and/or device 'xc7a35t'
Running DRC as a precondition to command write_bitstream
INFO: [IP_Flow 19-1839] IP Catalog is up to date.
INFO: [DRC 23-27] Running DRC with 16 threads
WARNING: [DRC PDRC-153] Gated clock check: Net rx_handler/asignal is a gated clock net sourced by a combinational pin rx_handler/write_i_2/O, cell rx_handler/write_i_2. This is not good design practice and will likely impact performance. For SLICE registers, for example, use the CE pin to control the loading of data.
WARNING: [DRC PLHOLDVIO-2] Non-Optimal connections which could lead to hold violations: A LUT rx_handler/write_i_2 is driving clock pin of 1 cells. This could lead to large hold time violations. Involved cells are:
write_reg
INFO: [Vivado 12-3199] DRC finished with 0 Errors, 2 Warnings
INFO: [Vivado 12-3200] Please refer to the DRC report (report_drc) for more information.
INFO: [Designutils 20-2272] Running write_bitstream with 8 threads.
Loading data files...
Loading site data...
Loading route data...
Processing options...
Creating bitmap...
Creating bitstream...
Writing bitstream ./system_uart.bit...
INFO: [Vivado 12-1842] Bitgen Completed Successfully.
INFO: [Project 1-1876] WebTalk data collection is mandatory when using a ULT device. To see the specific WebTalk data collected for your design, open the usage_statistics_webtalk.html or usage_statistics_webtalk.xml file in the implementation directory.
INFO: [Common 17-83] Releasing license: Implementation
14 Infos, 2 Warnings, 0 Critical Warnings and 0 Errors encountered.
write_bitstream completed successfully
write_bitstream: Time (s): cpu = 00:00:07 ; elapsed = 00:00:09 . Memory (MB): peak = 2569.562 ; gain = 341.180
INFO: [Common 17-206] Exiting Vivado at Tue Oct 17 03:55:22 2023...
