Copyright 1986-2022 Xilinx, Inc. All Rights Reserved. Copyright 2022-2023 Advanced Micro Devices, Inc. All Rights Reserved.
---------------------------------------------------------------------------------------------------------------------------------------------
| Tool Version : Vivado v.2023.1 (win64) Build 3865809 Sun May  7 15:05:29 MDT 2023
| Date         : Tue Sep 19 13:37:53 2023
| Host         : VT_ZENBOOK running 64-bit major release  (build 9200)
| Command      : report_control_sets -verbose -file system_1_control_sets_placed.rpt
| Design       : system_1
| Device       : xc7a35t
---------------------------------------------------------------------------------------------------------------------------------------------

Control Set Information

Table of Contents
-----------------
1. Summary
2. Histogram
3. Flip-Flop Distribution
4. Detailed Control Set Information

1. Summary
----------

+----------------------------------------------------------+-------+
|                          Status                          | Count |
+----------------------------------------------------------+-------+
| Total control sets                                       |    15 |
|    Minimum number of control sets                        |    15 |
|    Addition due to synthesis replication                 |     0 |
|    Addition due to physical synthesis replication        |     0 |
| Unused register locations in slices containing registers |    63 |
+----------------------------------------------------------+-------+
* Control sets can be merged at opt_design using control_set_merge or merge_equivalent_drivers
** Run report_qor_suggestions for automated merging and remapping suggestions


2. Histogram
------------

+--------------------+-------+
|       Fanout       | Count |
+--------------------+-------+
| Total control sets |    15 |
| >= 0 to < 4        |     6 |
| >= 4 to < 6        |     2 |
| >= 6 to < 8        |     0 |
| >= 8 to < 10       |     1 |
| >= 10 to < 12      |     0 |
| >= 12 to < 14      |     1 |
| >= 14 to < 16      |     0 |
| >= 16              |     5 |
+--------------------+-------+
* Control sets can be remapped at either synth_design or opt_design


3. Flip-Flop Distribution
-------------------------

+--------------+-----------------------+------------------------+-----------------+--------------+
| Clock Enable | Synchronous Set/Reset | Asynchronous Set/Reset | Total Registers | Total Slices |
+--------------+-----------------------+------------------------+-----------------+--------------+
| No           | No                    | No                     |              23 |           11 |
| No           | No                    | Yes                    |               2 |            1 |
| No           | Yes                   | No                     |              19 |            5 |
| Yes          | No                    | No                     |              15 |            6 |
| Yes          | No                    | Yes                    |               4 |            2 |
| Yes          | Yes                   | No                     |              66 |           18 |
+--------------+-----------------------+------------------------+-----------------+--------------+


4. Detailed Control Set Information
-----------------------------------

+------------------+------------------------------------+------------------------------+------------------+----------------+--------------+
|   Clock Signal   |            Enable Signal           |       Set/Reset Signal       | Slice Load Count | Bel Load Count | Bels / Slice |
+------------------+------------------------------------+------------------------------+------------------+----------------+--------------+
|  out_reg_i_2_n_0 | pbC/db/btn_stable_i_1__0_n_0       |                              |                1 |              1 |         1.00 |
|  out_reg_i_2_n_0 | pbD/db/btn_stable_i_1__1_n_0       |                              |                1 |              1 |         1.00 |
|  out_reg_i_2_n_0 | pbU/db/btn_stable_i_1_n_0          |                              |                1 |              1 |         1.00 |
|  out_reg_i_2_n_0 |                                    | pbD/sp/out_reg_0             |                1 |              2 |         2.00 |
|  cdd/CLK         |                                    |                              |                1 |              2 |         2.00 |
|  clk_IBUF_BUFG   |                                    |                              |                3 |              3 |         1.00 |
|  out_reg_i_2_n_0 | stack/fp[3]_i_1_n_0                |                              |                1 |              4 |         4.00 |
|  out_reg_i_2_n_0 | stack/fp_0                         | pbD/sp/out_reg_0             |                2 |              4 |         2.00 |
|  out_reg_i_2_n_0 | pbD/sp/E[0]                        |                              |                2 |              8 |         4.00 |
|  out_reg_i_2_n_0 | stack/ram/ram_reg_0_15_0_5_i_1_n_0 |                              |                2 |             12 |         6.00 |
|  out_reg_i_2_n_0 |                                    |                              |                7 |             18 |         2.57 |
|  clk_IBUF_BUFG   |                                    | cdd/counter[0]_i_1__2_n_0    |                5 |             19 |         3.80 |
|  out_reg_i_2_n_0 | pbC/db/counter[0]_i_1__0_n_0       | pbC/db/btn_stable_i_1__0_n_0 |                6 |             22 |         3.67 |
|  out_reg_i_2_n_0 | pbD/db/counter[0]_i_1__1_n_0       | pbD/db/btn_stable_i_1__1_n_0 |                6 |             22 |         3.67 |
|  out_reg_i_2_n_0 | pbU/db/sel                         | pbU/db/btn_stable_i_1_n_0    |                6 |             22 |         3.67 |
+------------------+------------------------------------+------------------------------+------------------+----------------+--------------+


