
*** Running vivado
    with args -log top_vpong.vds -m64 -product Vivado -mode batch -messageDb vivado.pb -notrace -source top_vpong.tcl


ECHO is off.
ECHO is off.

****** Vivado v2023.2 (64-bit)
  **** SW Build 4029153 on Fri Oct 13 20:14:34 MDT 2023
  **** IP Build 4028589 on Sat Oct 14 00:45:43 MDT 2023
  **** SharedData Build 4025554 on Tue Oct 10 17:18:54 MDT 2023
    ** Copyright 1986-2022 Xilinx, Inc. All Rights Reserved.
    ** Copyright 2022-2023 Advanced Micro Devices, Inc. All Rights Reserved.

source top_vpong.tcl -notrace
Command: read_checkpoint -auto_incremental -incremental C:/Users/vivat/Desktop/git_target/cp-eng-hwsynlab2023/vpong/vpong.srcs/utils_1/imports/synth_1/keyboard_tester.dcp
INFO: [Vivado 12-5825] Read reference checkpoint from C:/Users/vivat/Desktop/git_target/cp-eng-hwsynlab2023/vpong/vpong.srcs/utils_1/imports/synth_1/keyboard_tester.dcp for incremental synthesis
INFO: [Vivado 12-7989] Please ensure there are no constraint changes
Command: synth_design -top top_vpong -part xc7a35tcpg236-1
Starting synth_design
Attempting to get a license for feature 'Synthesis' and/or device 'xc7a35t'
INFO: [Common 17-349] Got license for feature 'Synthesis' and/or device 'xc7a35t'
INFO: [Device 21-403] Loading part xc7a35tcpg236-1
INFO: [Designutils 20-5440] No compile time benefit to using incremental synthesis; A full resynthesis will be run
INFO: [Designutils 20-4379] Flow is switching to default flow due to incremental criteria not met. If you would like to alter this behaviour and have the flow terminate instead, please set the following parameter config_implementation {autoIncr.Synth.RejectBehavior Terminate}
INFO: [Synth 8-7079] Multithreading enabled for synth_design using a maximum of 2 processes.
INFO: [Synth 8-7078] Launching helper process for spawning children vivado processes
INFO: [Synth 8-7075] Helper process launched with PID 35024
---------------------------------------------------------------------------------
Starting RTL Elaboration : Time (s): cpu = 00:00:03 ; elapsed = 00:00:04 . Memory (MB): peak = 1322.645 ; gain = 441.242
---------------------------------------------------------------------------------
INFO: [Synth 8-6157] synthesizing module 'top_vpong' [C:/Users/vivat/Desktop/git_target/cp-eng-hwsynlab2023/vpong/vpong.srcs/sources_1/new/top_vpong.v:3]
INFO: [Synth 8-6157] synthesizing module 'clk_div' [C:/Users/vivat/Desktop/git_target/cp-eng-hwsynlab2023/verilog_modules/clk_div.v:3]
INFO: [Synth 8-6155] done synthesizing module 'clk_div' (0#1) [C:/Users/vivat/Desktop/git_target/cp-eng-hwsynlab2023/verilog_modules/clk_div.v:3]
INFO: [Synth 8-6157] synthesizing module 'switch_button' [C:/Users/vivat/Desktop/git_target/cp-eng-hwsynlab2023/verilog_modules/button.v:3]
INFO: [Synth 8-6157] synthesizing module 'debouncer' [C:/Users/vivat/Desktop/git_target/cp-eng-hwsynlab2023/verilog_modules/debouncer.v:3]
	Parameter DEBOUNCE_COUNT bound to: 1000000 - type: integer 
INFO: [Synth 8-6155] done synthesizing module 'debouncer' (0#1) [C:/Users/vivat/Desktop/git_target/cp-eng-hwsynlab2023/verilog_modules/debouncer.v:3]
INFO: [Synth 8-6155] done synthesizing module 'switch_button' (0#1) [C:/Users/vivat/Desktop/git_target/cp-eng-hwsynlab2023/verilog_modules/button.v:3]
INFO: [Synth 8-6157] synthesizing module 'switch_button__parameterized0' [C:/Users/vivat/Desktop/git_target/cp-eng-hwsynlab2023/verilog_modules/button.v:3]
	Parameter BUTTON_WIDTH bound to: 16 - type: integer 
INFO: [Synth 8-6155] done synthesizing module 'switch_button__parameterized0' (0#1) [C:/Users/vivat/Desktop/git_target/cp-eng-hwsynlab2023/verilog_modules/button.v:3]
INFO: [Synth 8-6157] synthesizing module 'quad_7_seg' [C:/Users/vivat/Desktop/git_target/cp-eng-hwsynlab2023/verilog_modules/quad_7_seg.v:3]
INFO: [Synth 8-6157] synthesizing module 'hex_to_7_seg' [C:/Users/vivat/Desktop/git_target/cp-eng-hwsynlab2023/verilog_modules/hex_to_7_seg.v:3]
INFO: [Synth 8-6155] done synthesizing module 'hex_to_7_seg' (0#1) [C:/Users/vivat/Desktop/git_target/cp-eng-hwsynlab2023/verilog_modules/hex_to_7_seg.v:3]
INFO: [Synth 8-6155] done synthesizing module 'quad_7_seg' (0#1) [C:/Users/vivat/Desktop/git_target/cp-eng-hwsynlab2023/verilog_modules/quad_7_seg.v:3]
INFO: [Synth 8-6157] synthesizing module 'vga_sync' [C:/Users/vivat/Desktop/git_target/cp-eng-hwsynlab2023/verilog_modules/vga_sync.v:3]
INFO: [Synth 8-6155] done synthesizing module 'vga_sync' (0#1) [C:/Users/vivat/Desktop/git_target/cp-eng-hwsynlab2023/verilog_modules/vga_sync.v:3]
INFO: [Synth 8-6157] synthesizing module 'ram_block' [C:/Users/vivat/Desktop/git_target/cp-eng-hwsynlab2023/verilog_modules/ram_block.v:3]
	Parameter RAM_WIDTH bound to: 3 - type: integer 
	Parameter RAM_ADDR_BITS bound to: 19 - type: integer 
INFO: [Synth 8-6155] done synthesizing module 'ram_block' (0#1) [C:/Users/vivat/Desktop/git_target/cp-eng-hwsynlab2023/verilog_modules/ram_block.v:3]
INFO: [Synth 8-6157] synthesizing module 'graphics_renderer' [C:/Users/vivat/Desktop/git_target/cp-eng-hwsynlab2023/vpong/vpong.srcs/sources_1/new/graphics_renderer.v:3]
	Parameter CANVAS_WIDTH bound to: 640 - type: integer 
	Parameter CANVAS_HEIGHT bound to: 480 - type: integer 
INFO: [Synth 8-6155] done synthesizing module 'graphics_renderer' (0#1) [C:/Users/vivat/Desktop/git_target/cp-eng-hwsynlab2023/vpong/vpong.srcs/sources_1/new/graphics_renderer.v:3]
INFO: [Synth 8-6157] synthesizing module 'rom_block' [C:/Users/vivat/Desktop/git_target/cp-eng-hwsynlab2023/verilog_modules/rom_block.v:3]
	Parameter MEM_INIT_FILE bound to: rom_ball_texture.mem - type: string 
	Parameter ROM_WIDTH bound to: 48 - type: integer 
	Parameter ROM_ADDR_BITS bound to: 4 - type: integer 
INFO: [Synth 8-3876] $readmem data file 'rom_ball_texture.mem' is read successfully [C:/Users/vivat/Desktop/git_target/cp-eng-hwsynlab2023/verilog_modules/rom_block.v:20]
INFO: [Synth 8-6155] done synthesizing module 'rom_block' (0#1) [C:/Users/vivat/Desktop/git_target/cp-eng-hwsynlab2023/verilog_modules/rom_block.v:3]
INFO: [Synth 8-6157] synthesizing module 'baudrate_generator' [C:/Users/vivat/Desktop/git_target/cp-eng-hwsynlab2023/vpong/vpong.srcs/sources_1/new/uart_core.v:98]
	Parameter BASE_CLOCK bound to: 100000000 - type: integer 
	Parameter BAUDRATE bound to: 9600 - type: integer 
INFO: [Synth 8-6155] done synthesizing module 'baudrate_generator' (0#1) [C:/Users/vivat/Desktop/git_target/cp-eng-hwsynlab2023/vpong/vpong.srcs/sources_1/new/uart_core.v:98]
INFO: [Synth 8-6157] synthesizing module 'uart_tx' [C:/Users/vivat/Desktop/git_target/cp-eng-hwsynlab2023/vpong/vpong.srcs/sources_1/new/uart_core.v:45]
INFO: [Synth 8-155] case statement is not full and has no default [C:/Users/vivat/Desktop/git_target/cp-eng-hwsynlab2023/vpong/vpong.srcs/sources_1/new/uart_core.v:78]
INFO: [Synth 8-6155] done synthesizing module 'uart_tx' (0#1) [C:/Users/vivat/Desktop/git_target/cp-eng-hwsynlab2023/vpong/vpong.srcs/sources_1/new/uart_core.v:45]
INFO: [Synth 8-6157] synthesizing module 'uart_rx' [C:/Users/vivat/Desktop/git_target/cp-eng-hwsynlab2023/vpong/vpong.srcs/sources_1/new/uart_core.v:1]
INFO: [Synth 8-155] case statement is not full and has no default [C:/Users/vivat/Desktop/git_target/cp-eng-hwsynlab2023/vpong/vpong.srcs/sources_1/new/uart_core.v:27]
INFO: [Synth 8-6155] done synthesizing module 'uart_rx' (0#1) [C:/Users/vivat/Desktop/git_target/cp-eng-hwsynlab2023/vpong/vpong.srcs/sources_1/new/uart_core.v:1]
INFO: [Synth 8-6155] done synthesizing module 'top_vpong' (0#1) [C:/Users/vivat/Desktop/git_target/cp-eng-hwsynlab2023/vpong/vpong.srcs/sources_1/new/top_vpong.v:3]
WARNING: [Synth 8-6014] Unused sequential element data_reg was removed.  [C:/Users/vivat/Desktop/git_target/cp-eng-hwsynlab2023/vpong/vpong.srcs/sources_1/new/uart_core.v:66]
WARNING: [Synth 8-3848] Net digits[3] in module/entity top_vpong does not have driver. [C:/Users/vivat/Desktop/git_target/cp-eng-hwsynlab2023/vpong/vpong.srcs/sources_1/new/top_vpong.v:69]
WARNING: [Synth 8-3848] Net digits[2] in module/entity top_vpong does not have driver. [C:/Users/vivat/Desktop/git_target/cp-eng-hwsynlab2023/vpong/vpong.srcs/sources_1/new/top_vpong.v:69]
---------------------------------------------------------------------------------
Finished RTL Elaboration : Time (s): cpu = 00:00:04 ; elapsed = 00:00:05 . Memory (MB): peak = 1443.828 ; gain = 562.426
---------------------------------------------------------------------------------
---------------------------------------------------------------------------------
Start Handling Custom Attributes
---------------------------------------------------------------------------------
---------------------------------------------------------------------------------
Finished Handling Custom Attributes : Time (s): cpu = 00:00:04 ; elapsed = 00:00:05 . Memory (MB): peak = 1443.828 ; gain = 562.426
---------------------------------------------------------------------------------
---------------------------------------------------------------------------------
Finished RTL Optimization Phase 1 : Time (s): cpu = 00:00:04 ; elapsed = 00:00:05 . Memory (MB): peak = 1443.828 ; gain = 562.426
---------------------------------------------------------------------------------
Netlist sorting complete. Time (s): cpu = 00:00:00 ; elapsed = 00:00:00.010 . Memory (MB): peak = 1443.828 ; gain = 0.000
INFO: [Project 1-570] Preparing netlist for logic optimization

Processing XDC Constraints
Initializing timing engine
Parsing XDC File [C:/Users/vivat/Desktop/git_target/cp-eng-hwsynlab2023/vpong/vpong.srcs/constrs_1/imports/cp-eng-hwsynlab2023/Basys-3-Master-Custom.xdc]
Finished Parsing XDC File [C:/Users/vivat/Desktop/git_target/cp-eng-hwsynlab2023/vpong/vpong.srcs/constrs_1/imports/cp-eng-hwsynlab2023/Basys-3-Master-Custom.xdc]
INFO: [Project 1-236] Implementation specific constraints were found while reading constraint file [C:/Users/vivat/Desktop/git_target/cp-eng-hwsynlab2023/vpong/vpong.srcs/constrs_1/imports/cp-eng-hwsynlab2023/Basys-3-Master-Custom.xdc]. These constraints will be ignored for synthesis but will be used in implementation. Impacted constraints are listed in the file [.Xil/top_vpong_propImpl.xdc].
Resolution: To avoid this warning, move constraints listed in [.Xil/top_vpong_propImpl.xdc] to another XDC file and exclude this new file from synthesis with the used_in_synthesis property (File Properties dialog in GUI) and re-run elaboration/synthesis.
Completed Processing XDC Constraints

Netlist sorting complete. Time (s): cpu = 00:00:00 ; elapsed = 00:00:00 . Memory (MB): peak = 1475.652 ; gain = 0.000
INFO: [Project 1-111] Unisim Transformation Summary:
No Unisim elements were transformed.

The system cannot find the path specified.
Constraint Validation Runtime : Time (s): cpu = 00:00:00 ; elapsed = 00:00:00.005 . Memory (MB): peak = 1475.652 ; gain = 0.000
INFO: [Designutils 20-5440] No compile time benefit to using incremental synthesis; A full resynthesis will be run
INFO: [Designutils 20-4379] Flow is switching to default flow due to incremental criteria not met. If you would like to alter this behaviour and have the flow terminate instead, please set the following parameter config_implementation {autoIncr.Synth.RejectBehavior Terminate}
---------------------------------------------------------------------------------
Finished Constraint Validation : Time (s): cpu = 00:00:08 ; elapsed = 00:00:11 . Memory (MB): peak = 1475.652 ; gain = 594.250
---------------------------------------------------------------------------------
---------------------------------------------------------------------------------
Start Loading Part and Timing Information
---------------------------------------------------------------------------------
Loading part: xc7a35tcpg236-1
---------------------------------------------------------------------------------
Finished Loading Part and Timing Information : Time (s): cpu = 00:00:08 ; elapsed = 00:00:11 . Memory (MB): peak = 1475.652 ; gain = 594.250
---------------------------------------------------------------------------------
---------------------------------------------------------------------------------
Start Applying 'set_property' XDC Constraints
---------------------------------------------------------------------------------
---------------------------------------------------------------------------------
Finished applying 'set_property' XDC Constraints : Time (s): cpu = 00:00:08 ; elapsed = 00:00:11 . Memory (MB): peak = 1475.652 ; gain = 594.250
---------------------------------------------------------------------------------
---------------------------------------------------------------------------------
Finished RTL Optimization Phase 2 : Time (s): cpu = 00:00:08 ; elapsed = 00:00:11 . Memory (MB): peak = 1475.652 ; gain = 594.250
---------------------------------------------------------------------------------
---------------------------------------------------------------------------------
Start RTL Component Statistics 
---------------------------------------------------------------------------------
Detailed RTL Component Info : 
+---Adders : 
	   2 Input   32 Bit       Adders := 4     
	   2 Input   10 Bit       Adders := 6     
	   2 Input    8 Bit       Adders := 2     
	   2 Input    2 Bit       Adders := 2     
+---Registers : 
	               48 Bit    Registers := 1     
	               16 Bit    Registers := 2     
	               10 Bit    Registers := 4     
	                8 Bit    Registers := 4     
	                3 Bit    Registers := 1     
	                2 Bit    Registers := 2     
	                1 Bit    Registers := 54    
+---Muxes : 
	  17 Input   48 Bit        Muxes := 1     
	   2 Input   10 Bit        Muxes := 2     
	  10 Input    8 Bit        Muxes := 1     
	   4 Input    4 Bit        Muxes := 1     
	   2 Input    1 Bit        Muxes := 3     
	  11 Input    1 Bit        Muxes := 2     
---------------------------------------------------------------------------------
Finished RTL Component Statistics 
---------------------------------------------------------------------------------
---------------------------------------------------------------------------------
Start Part Resource Summary
---------------------------------------------------------------------------------
Part Resources:
DSPs: 90 (col length:60)
BRAMs: 100 (col length: RAMB18 60 RAMB36 30)
---------------------------------------------------------------------------------
Finished Part Resource Summary
---------------------------------------------------------------------------------
---------------------------------------------------------------------------------
Start Cross Boundary and Area Optimization
---------------------------------------------------------------------------------
WARNING: [Synth 8-7080] Parallel synthesis criteria is not met
DSP Report: Generating DSP vram_ra, operation Mode is: C+A*(B:0x280).
DSP Report: operator vram_ra is absorbed into DSP vram_ra.
DSP Report: operator vram_ra0 is absorbed into DSP vram_ra.
DSP Report: Generating DSP vram_wa, operation Mode is: C'+A2*(B:0x280).
DSP Report: register graphics_renderer_inst/gpu_py_reg is absorbed into DSP vram_wa.
DSP Report: register graphics_renderer_inst/gpu_px_reg is absorbed into DSP vram_wa.
DSP Report: operator vram_wa is absorbed into DSP vram_wa.
DSP Report: operator vram_wa0 is absorbed into DSP vram_wa.
WARNING: [Synth 8-3917] design top_vpong has port dp driven by constant 1
WARNING: [Synth 8-3332] Sequential element (main_vga_vram_buffer/memory_block_reg_mux_sel_a_pos_1) is unused and will be removed from module top_vpong.
WARNING: [Synth 8-3332] Sequential element (main_vga_vram_buffer/memory_block_reg_mux_sel_a_pos_1__0) is unused and will be removed from module top_vpong.
WARNING: [Synth 8-3332] Sequential element (main_vga_vram_buffer/memory_block_reg_mux_sel_a_pos_1__1) is unused and will be removed from module top_vpong.
WARNING: [Synth 8-3332] Sequential element (main_vga_vram_buffer/memory_block_reg_mux_sel_a_pos_2) is unused and will be removed from module top_vpong.
WARNING: [Synth 8-3332] Sequential element (main_vga_vram_buffer/memory_block_reg_mux_sel_a_pos_2__0) is unused and will be removed from module top_vpong.
WARNING: [Synth 8-3332] Sequential element (main_vga_vram_buffer/memory_block_reg_mux_sel_a_pos_2__1) is unused and will be removed from module top_vpong.
WARNING: [Synth 8-3332] Sequential element (main_vga_vram_buffer/memory_block_reg_mux_sel_a_pos_2__2) is unused and will be removed from module top_vpong.
WARNING: [Synth 8-3332] Sequential element (main_vga_vram_buffer/memory_block_reg_mux_sel_a_pos_2__3) is unused and will be removed from module top_vpong.
WARNING: [Synth 8-3332] Sequential element (main_vga_vram_buffer/memory_block_reg_mux_sel_a_pos_2__4) is unused and will be removed from module top_vpong.
WARNING: [Synth 8-3332] Sequential element (main_vga_vram_buffer/memory_block_reg_mux_sel_a_pos_1__2) is unused and will be removed from module top_vpong.
WARNING: [Synth 8-3332] Sequential element (main_vga_vram_buffer/memory_block_reg_mux_sel_a_pos_1__3) is unused and will be removed from module top_vpong.
WARNING: [Synth 8-3332] Sequential element (main_vga_vram_buffer/memory_block_reg_mux_sel_a_pos_1__4) is unused and will be removed from module top_vpong.
WARNING: [Synth 8-3332] Sequential element (main_vga_vram_buffer/memory_block_reg_mux_sel_a_pos_2__5) is unused and will be removed from module top_vpong.
WARNING: [Synth 8-3332] Sequential element (main_vga_vram_buffer/memory_block_reg_mux_sel_a_pos_2__6) is unused and will be removed from module top_vpong.
WARNING: [Synth 8-3332] Sequential element (main_vga_vram_buffer/memory_block_reg_mux_sel_a_pos_2__7) is unused and will be removed from module top_vpong.
WARNING: [Synth 8-3332] Sequential element (main_vga_vram_buffer/memory_block_reg_mux_sel_a_pos_2__8) is unused and will be removed from module top_vpong.
WARNING: [Synth 8-3332] Sequential element (main_vga_vram_buffer/memory_block_reg_mux_sel_a_pos_2__9) is unused and will be removed from module top_vpong.
WARNING: [Synth 8-3332] Sequential element (main_vga_vram_buffer/memory_block_reg_mux_sel_a_pos_2__10) is unused and will be removed from module top_vpong.
---------------------------------------------------------------------------------
Finished Cross Boundary and Area Optimization : Time (s): cpu = 00:00:09 ; elapsed = 00:00:13 . Memory (MB): peak = 1475.652 ; gain = 594.250
---------------------------------------------------------------------------------
 Sort Area is  vram_wa_0 : 0 0 : 135 135 : Used 1 time 0
 Sort Area is  vram_ra_2 : 0 0 : 115 115 : Used 1 time 0
---------------------------------------------------------------------------------
Start ROM, RAM, DSP, Shift Register and Retiming Reporting
---------------------------------------------------------------------------------

Block RAM: Preliminary Mapping Report (see note below)
+------------+---------------------------------------+------------------------+---+---+------------------------+---+---+------------------+--------+--------+
|Module Name | RTL Object                            | PORT A (Depth x Width) | W | R | PORT B (Depth x Width) | W | R | Ports driving FF | RAMB18 | RAMB36 | 
+------------+---------------------------------------+------------------------+---+---+------------------------+---+---+------------------+--------+--------+
|top_vpong   | main_vga_vram_buffer/memory_block_reg | 512 K x 3(READ_FIRST)  | W |   | 512 K x 3(WRITE_FIRST) |   | R | Port A and B     | 0      | 48     | 
+------------+---------------------------------------+------------------------+---+---+------------------------+---+---+------------------+--------+--------+

Note: The table above is a preliminary report that shows the Block RAMs at the current stage of the synthesis flow. Some Block RAMs may be reimplemented as non Block RAM primitives later in the synthesis flow. Multiple instantiated Block RAMs are reported only once. 

DSP: Preliminary Mapping Report (see note below. The ' indicates corresponding REG is set)
+------------+-----------------+--------+--------+--------+--------+--------+------+------+------+------+-------+------+------+
|Module Name | DSP Mapping     | A Size | B Size | C Size | D Size | P Size | AREG | BREG | CREG | DREG | ADREG | MREG | PREG | 
+------------+-----------------+--------+--------+--------+--------+--------+------+------+------+------+-------+------+------+
|top_vpong   | C+A*(B:0x280)   | 10     | 10     | 10     | -      | 19     | 0    | 0    | 0    | -    | -     | 0    | 0    | 
|top_vpong   | C'+A2*(B:0x280) | 10     | 10     | 10     | -      | 19     | 1    | 0    | 1    | -    | -     | 0    | 0    | 
+------------+-----------------+--------+--------+--------+--------+--------+------+------+------+------+-------+------+------+

Note: The table above is a preliminary report that shows the DSPs inferred at the current stage of the synthesis flow. Some DSP may be reimplemented as non DSP primitives later in the synthesis flow. Multiple instantiated DSPs are reported only once.
---------------------------------------------------------------------------------
Finished ROM, RAM, DSP, Shift Register and Retiming Reporting
---------------------------------------------------------------------------------
---------------------------------------------------------------------------------
Start Applying XDC Timing Constraints
---------------------------------------------------------------------------------
---------------------------------------------------------------------------------
Finished Applying XDC Timing Constraints : Time (s): cpu = 00:00:13 ; elapsed = 00:00:19 . Memory (MB): peak = 1475.652 ; gain = 594.250
---------------------------------------------------------------------------------
---------------------------------------------------------------------------------
Start Timing Optimization
---------------------------------------------------------------------------------
---------------------------------------------------------------------------------
Finished Timing Optimization : Time (s): cpu = 00:00:13 ; elapsed = 00:00:19 . Memory (MB): peak = 1475.652 ; gain = 594.250
---------------------------------------------------------------------------------
---------------------------------------------------------------------------------
Start ROM, RAM, DSP, Shift Register and Retiming Reporting
---------------------------------------------------------------------------------

Block RAM: Final Mapping Report
+------------+---------------------------------------+------------------------+---+---+------------------------+---+---+------------------+--------+--------+
|Module Name | RTL Object                            | PORT A (Depth x Width) | W | R | PORT B (Depth x Width) | W | R | Ports driving FF | RAMB18 | RAMB36 | 
+------------+---------------------------------------+------------------------+---+---+------------------------+---+---+------------------+--------+--------+
|top_vpong   | main_vga_vram_buffer/memory_block_reg | 512 K x 3(READ_FIRST)  | W |   | 512 K x 3(WRITE_FIRST) |   | R | Port A and B     | 0      | 48     | 
+------------+---------------------------------------+------------------------+---+---+------------------------+---+---+------------------+--------+--------+

---------------------------------------------------------------------------------
Finished ROM, RAM, DSP, Shift Register and Retiming Reporting
---------------------------------------------------------------------------------
---------------------------------------------------------------------------------
Start Technology Mapping
---------------------------------------------------------------------------------
INFO: [Synth 8-223] decloning instance 'main_vga_vram_buffer/memory_block_reg_0_1' (RAMB36E1) to 'main_vga_vram_buffer/memory_block_reg_0_0'
INFO: [Synth 8-223] decloning instance 'main_vga_vram_buffer/memory_block_reg_1_1' (RAMB36E1_1) to 'main_vga_vram_buffer/memory_block_reg_1_0'
INFO: [Synth 8-223] decloning instance 'main_vga_vram_buffer/memory_block_reg_2_1' (RAMB36E1) to 'main_vga_vram_buffer/memory_block_reg_2_0'
INFO: [Synth 8-223] decloning instance 'main_vga_vram_buffer/memory_block_reg_3_1' (RAMB36E1_1) to 'main_vga_vram_buffer/memory_block_reg_3_0'
INFO: [Synth 8-223] decloning instance 'main_vga_vram_buffer/memory_block_reg_4_1' (RAMB36E1) to 'main_vga_vram_buffer/memory_block_reg_4_0'
INFO: [Synth 8-223] decloning instance 'main_vga_vram_buffer/memory_block_reg_5_1' (RAMB36E1_1) to 'main_vga_vram_buffer/memory_block_reg_5_0'
INFO: [Synth 8-223] decloning instance 'main_vga_vram_buffer/memory_block_reg_6_1' (RAMB36E1) to 'main_vga_vram_buffer/memory_block_reg_6_0'
INFO: [Synth 8-223] decloning instance 'main_vga_vram_buffer/memory_block_reg_7_1' (RAMB36E1_1) to 'main_vga_vram_buffer/memory_block_reg_7_0'
INFO: [Synth 8-223] decloning instance 'main_vga_vram_buffer/memory_block_reg_8_1' (RAMB36E1) to 'main_vga_vram_buffer/memory_block_reg_8_0'
INFO: [Synth 8-223] decloning instance 'main_vga_vram_buffer/memory_block_reg_9_1' (RAMB36E1_1) to 'main_vga_vram_buffer/memory_block_reg_9_0'
INFO: [Synth 8-223] decloning instance 'main_vga_vram_buffer/memory_block_reg_10_1' (RAMB36E1) to 'main_vga_vram_buffer/memory_block_reg_10_0'
INFO: [Synth 8-223] decloning instance 'main_vga_vram_buffer/memory_block_reg_11_1' (RAMB36E1_1) to 'main_vga_vram_buffer/memory_block_reg_11_0'
INFO: [Synth 8-223] decloning instance 'main_vga_vram_buffer/memory_block_reg_12_1' (RAMB36E1) to 'main_vga_vram_buffer/memory_block_reg_12_0'
INFO: [Synth 8-223] decloning instance 'main_vga_vram_buffer/memory_block_reg_13_1' (RAMB36E1_1) to 'main_vga_vram_buffer/memory_block_reg_13_0'
INFO: [Synth 8-223] decloning instance 'main_vga_vram_buffer/memory_block_reg_14_1' (RAMB36E1) to 'main_vga_vram_buffer/memory_block_reg_14_0'
INFO: [Synth 8-223] decloning instance 'main_vga_vram_buffer/memory_block_reg_15_1' (RAMB36E1_1) to 'main_vga_vram_buffer/memory_block_reg_15_0'
INFO: [Synth 8-7052] The timing for the instance main_vga_vram_buffer/memory_block_reg_1_0 (implemented as a Block RAM) might be sub-optimal as no optional output register could be merged into the ram block. Providing additional output register may help in improving timing.
INFO: [Synth 8-7052] The timing for the instance main_vga_vram_buffer/memory_block_reg_1_2 (implemented as a Block RAM) might be sub-optimal as no optional output register could be merged into the ram block. Providing additional output register may help in improving timing.
INFO: [Synth 8-7052] The timing for the instance main_vga_vram_buffer/memory_block_reg_3_0 (implemented as a Block RAM) might be sub-optimal as no optional output register could be merged into the ram block. Providing additional output register may help in improving timing.
INFO: [Synth 8-7052] The timing for the instance main_vga_vram_buffer/memory_block_reg_3_2 (implemented as a Block RAM) might be sub-optimal as no optional output register could be merged into the ram block. Providing additional output register may help in improving timing.
INFO: [Synth 8-7052] The timing for the instance main_vga_vram_buffer/memory_block_reg_5_0 (implemented as a Block RAM) might be sub-optimal as no optional output register could be merged into the ram block. Providing additional output register may help in improving timing.
INFO: [Synth 8-7052] The timing for the instance main_vga_vram_buffer/memory_block_reg_5_2 (implemented as a Block RAM) might be sub-optimal as no optional output register could be merged into the ram block. Providing additional output register may help in improving timing.
INFO: [Synth 8-7052] The timing for the instance main_vga_vram_buffer/memory_block_reg_7_0 (implemented as a Block RAM) might be sub-optimal as no optional output register could be merged into the ram block. Providing additional output register may help in improving timing.
INFO: [Synth 8-7052] The timing for the instance main_vga_vram_buffer/memory_block_reg_7_2 (implemented as a Block RAM) might be sub-optimal as no optional output register could be merged into the ram block. Providing additional output register may help in improving timing.
INFO: [Synth 8-7052] The timing for the instance main_vga_vram_buffer/memory_block_reg_9_0 (implemented as a Block RAM) might be sub-optimal as no optional output register could be merged into the ram block. Providing additional output register may help in improving timing.
INFO: [Synth 8-7052] The timing for the instance main_vga_vram_buffer/memory_block_reg_9_2 (implemented as a Block RAM) might be sub-optimal as no optional output register could be merged into the ram block. Providing additional output register may help in improving timing.
INFO: [Synth 8-7052] The timing for the instance main_vga_vram_buffer/memory_block_reg_11_0 (implemented as a Block RAM) might be sub-optimal as no optional output register could be merged into the ram block. Providing additional output register may help in improving timing.
INFO: [Synth 8-7052] The timing for the instance main_vga_vram_buffer/memory_block_reg_11_2 (implemented as a Block RAM) might be sub-optimal as no optional output register could be merged into the ram block. Providing additional output register may help in improving timing.
INFO: [Synth 8-7052] The timing for the instance main_vga_vram_buffer/memory_block_reg_13_0 (implemented as a Block RAM) might be sub-optimal as no optional output register could be merged into the ram block. Providing additional output register may help in improving timing.
INFO: [Synth 8-7052] The timing for the instance main_vga_vram_buffer/memory_block_reg_13_2 (implemented as a Block RAM) might be sub-optimal as no optional output register could be merged into the ram block. Providing additional output register may help in improving timing.
INFO: [Synth 8-7052] The timing for the instance main_vga_vram_buffer/memory_block_reg_15_0 (implemented as a Block RAM) might be sub-optimal as no optional output register could be merged into the ram block. Providing additional output register may help in improving timing.
INFO: [Synth 8-7052] The timing for the instance main_vga_vram_buffer/memory_block_reg_15_2 (implemented as a Block RAM) might be sub-optimal as no optional output register could be merged into the ram block. Providing additional output register may help in improving timing.
---------------------------------------------------------------------------------
Finished Technology Mapping : Time (s): cpu = 00:00:13 ; elapsed = 00:00:19 . Memory (MB): peak = 1496.617 ; gain = 615.215
---------------------------------------------------------------------------------
---------------------------------------------------------------------------------
Start IO Insertion
---------------------------------------------------------------------------------
---------------------------------------------------------------------------------
Start Flattening Before IO Insertion
---------------------------------------------------------------------------------
---------------------------------------------------------------------------------
Finished Flattening Before IO Insertion
---------------------------------------------------------------------------------
---------------------------------------------------------------------------------
Start Final Netlist Cleanup
---------------------------------------------------------------------------------
---------------------------------------------------------------------------------
Finished Final Netlist Cleanup
---------------------------------------------------------------------------------
---------------------------------------------------------------------------------
Finished IO Insertion : Time (s): cpu = 00:00:15 ; elapsed = 00:00:22 . Memory (MB): peak = 1497.453 ; gain = 616.051
---------------------------------------------------------------------------------
---------------------------------------------------------------------------------
Start Renaming Generated Instances
---------------------------------------------------------------------------------
---------------------------------------------------------------------------------
Finished Renaming Generated Instances : Time (s): cpu = 00:00:15 ; elapsed = 00:00:22 . Memory (MB): peak = 1497.453 ; gain = 616.051
---------------------------------------------------------------------------------
---------------------------------------------------------------------------------
Start Rebuilding User Hierarchy
---------------------------------------------------------------------------------
---------------------------------------------------------------------------------
Finished Rebuilding User Hierarchy : Time (s): cpu = 00:00:15 ; elapsed = 00:00:22 . Memory (MB): peak = 1497.453 ; gain = 616.051
---------------------------------------------------------------------------------
---------------------------------------------------------------------------------
Start Renaming Generated Ports
---------------------------------------------------------------------------------
---------------------------------------------------------------------------------
Finished Renaming Generated Ports : Time (s): cpu = 00:00:15 ; elapsed = 00:00:22 . Memory (MB): peak = 1497.453 ; gain = 616.051
---------------------------------------------------------------------------------
---------------------------------------------------------------------------------
Start Handling Custom Attributes
---------------------------------------------------------------------------------
---------------------------------------------------------------------------------
Finished Handling Custom Attributes : Time (s): cpu = 00:00:15 ; elapsed = 00:00:22 . Memory (MB): peak = 1497.477 ; gain = 616.074
---------------------------------------------------------------------------------
---------------------------------------------------------------------------------
Start Renaming Generated Nets
---------------------------------------------------------------------------------
---------------------------------------------------------------------------------
Finished Renaming Generated Nets : Time (s): cpu = 00:00:15 ; elapsed = 00:00:22 . Memory (MB): peak = 1497.477 ; gain = 616.074
---------------------------------------------------------------------------------
---------------------------------------------------------------------------------
Start Writing Synthesis Report
---------------------------------------------------------------------------------

DSP Final Report (the ' indicates corresponding REG is set)
+------------+-------------+--------+--------+--------+--------+--------+------+------+------+------+-------+------+------+
|Module Name | DSP Mapping | A Size | B Size | C Size | D Size | P Size | AREG | BREG | CREG | DREG | ADREG | MREG | PREG | 
+------------+-------------+--------+--------+--------+--------+--------+------+------+------+------+-------+------+------+
|top_vpong   | C+A*B       | 10     | 10     | 10     | -      | 19     | 0    | 0    | 0    | -    | -     | 0    | 0    | 
|top_vpong   | C'+A'*B     | 9      | 10     | 10     | -      | 19     | 1    | 0    | 0    | -    | -     | 0    | 0    | 
+------------+-------------+--------+--------+--------+--------+--------+------+------+------+------+-------+------+------+


Report BlackBoxes: 
+-+--------------+----------+
| |BlackBox name |Instances |
+-+--------------+----------+
+-+--------------+----------+

Report Cell Usage: 
+------+---------+------+
|      |Cell     |Count |
+------+---------+------+
|1     |BUFG     |     3|
|2     |CARRY4   |   113|
|3     |DSP48E1  |     2|
|5     |LUT1     |    26|
|6     |LUT2     |    65|
|7     |LUT3     |    43|
|8     |LUT4     |    55|
|9     |LUT5     |    35|
|10    |LUT6     |    97|
|11    |MUXF7    |     3|
|12    |RAMB36E1 |    32|
|14    |FDCE     |    24|
|15    |FDRE     |   545|
|16    |IBUF     |    19|
|17    |OBUF     |    43|
+------+---------+------+
---------------------------------------------------------------------------------
Finished Writing Synthesis Report : Time (s): cpu = 00:00:15 ; elapsed = 00:00:22 . Memory (MB): peak = 1497.477 ; gain = 616.074
---------------------------------------------------------------------------------
Synthesis finished with 0 errors, 0 critical warnings and 20 warnings.
Synthesis Optimization Runtime : Time (s): cpu = 00:00:10 ; elapsed = 00:00:21 . Memory (MB): peak = 1497.477 ; gain = 584.250
Synthesis Optimization Complete : Time (s): cpu = 00:00:15 ; elapsed = 00:00:23 . Memory (MB): peak = 1497.477 ; gain = 616.074
INFO: [Project 1-571] Translating synthesized netlist
Netlist sorting complete. Time (s): cpu = 00:00:00 ; elapsed = 00:00:00.011 . Memory (MB): peak = 1509.520 ; gain = 0.000
INFO: [Netlist 29-17] Analyzing 150 Unisim elements for replacement
INFO: [Netlist 29-28] Unisim Transformation completed in 0 CPU seconds
INFO: [Project 1-570] Preparing netlist for logic optimization
INFO: [Opt 31-138] Pushed 0 inverter(s) to 0 load pin(s).
Netlist sorting complete. Time (s): cpu = 00:00:00 ; elapsed = 00:00:00 . Memory (MB): peak = 1514.152 ; gain = 0.000
INFO: [Project 1-111] Unisim Transformation Summary:
No Unisim elements were transformed.

The system cannot find the path specified.
Synth Design complete | Checksum: e5a6c13
INFO: [Common 17-83] Releasing license: Synthesis
84 Infos, 23 Warnings, 0 Critical Warnings and 0 Errors encountered.
synth_design completed successfully
synth_design: Time (s): cpu = 00:00:17 ; elapsed = 00:00:26 . Memory (MB): peak = 1514.152 ; gain = 1024.320
Write ShapeDB Complete: Time (s): cpu = 00:00:00 ; elapsed = 00:00:00.002 . Memory (MB): peak = 1514.152 ; gain = 0.000
INFO: [Common 17-1381] The checkpoint 'C:/Users/vivat/Desktop/git_target/cp-eng-hwsynlab2023/vpong/vpong.runs/synth_1/top_vpong.dcp' has been generated.
INFO: [runtcl-4] Executing : report_utilization -file top_vpong_utilization_synth.rpt -pb top_vpong_utilization_synth.pb
INFO: [Common 17-206] Exiting Vivado at Thu Dec  7 02:13:06 2023...
