
*** Running vivado
    with args -log nano_03_system.vds -m64 -product Vivado -mode batch -messageDb vivado.pb -notrace -source nano_03_system.tcl


ECHO is off.
ECHO is off.

****** Vivado v2023.1 (64-bit)
  **** SW Build 3865809 on Sun May  7 15:05:29 MDT 2023
  **** IP Build 3864474 on Sun May  7 20:36:21 MDT 2023
  **** SharedData Build 3865790 on Sun May 07 13:33:03 MDT 2023
    ** Copyright 1986-2022 Xilinx, Inc. All Rights Reserved.
    ** Copyright 2022-2023 Advanced Micro Devices, Inc. All Rights Reserved.

source nano_03_system.tcl -notrace
create_project: Time (s): cpu = 00:00:04 ; elapsed = 00:00:06 . Memory (MB): peak = 454.262 ; gain = 158.133
Command: read_checkpoint -auto_incremental -incremental C:/Users/vivat/Desktop/cp-eng-hwsynlab2023/lab05/lab05.srcs/utils_1/imports/synth_2/nano_03_system.dcp
INFO: [Vivado 12-5825] Read reference checkpoint from C:/Users/vivat/Desktop/cp-eng-hwsynlab2023/lab05/lab05.srcs/utils_1/imports/synth_2/nano_03_system.dcp for incremental synthesis
INFO: [Vivado 12-7989] Please ensure there are no constraint changes
Command: synth_design -top nano_03_system -part xc7a35tcpg236-1
Starting synth_design
Attempting to get a license for feature 'Synthesis' and/or device 'xc7a35t'
INFO: [Common 17-349] Got license for feature 'Synthesis' and/or device 'xc7a35t'
INFO: [Device 21-403] Loading part xc7a35tcpg236-1
INFO: [Designutils 20-5440] No compile time benefit to using incremental synthesis; A full resynthesis will be run
INFO: [Designutils 20-4379] Flow is switching to default flow due to incremental criteria not met. If you would like to alter this behaviour and have the flow terminate instead, please set the following parameter config_implementation {autoIncr.Synth.RejectBehavior Terminate}
INFO: [Synth 8-7079] Multithreading enabled for synth_design using a maximum of 2 processes.
INFO: [Synth 8-7078] Launching helper process for spawning children vivado processes
INFO: [Synth 8-7075] Helper process launched with PID 2304
INFO: [Synth 8-11241] undeclared symbol 'mem_wr', assumed default net type 'wire' [C:/Users/vivat/Desktop/cp-eng-hwsynlab2023/lab05/lab05.srcs/sources_1/new/io_mapped_memory.v:34]
INFO: [Synth 8-11241] undeclared symbol 'iclk', assumed default net type 'wire' [C:/Users/vivat/Desktop/cp-eng-hwsynlab2023/lab05/lab05.srcs/sources_1/new/io_mapped_memory.v:35]
INFO: [Synth 8-11241] undeclared symbol 'data', assumed default net type 'wire' [C:/Users/vivat/Desktop/cp-eng-hwsynlab2023/lab05/lab05.srcs/sources_1/new/nano_03_system.v:75]
---------------------------------------------------------------------------------
Starting RTL Elaboration : Time (s): cpu = 00:00:04 ; elapsed = 00:00:05 . Memory (MB): peak = 1273.734 ; gain = 411.758
---------------------------------------------------------------------------------
INFO: [Synth 8-6157] synthesizing module 'nano_03_system' [C:/Users/vivat/Desktop/cp-eng-hwsynlab2023/lab05/lab05.srcs/sources_1/new/nano_03_system.v:3]
INFO: [Synth 8-6157] synthesizing module 'clk_div' [C:/Users/vivat/Desktop/cp-eng-hwsynlab2023/lab05/lab05.srcs/sources_1/imports/hwlab/lab04/lab04.srcs/sources_1/imports/new/clk_div.v:3]
INFO: [Synth 8-6155] done synthesizing module 'clk_div' (0#1) [C:/Users/vivat/Desktop/cp-eng-hwsynlab2023/lab05/lab05.srcs/sources_1/imports/hwlab/lab04/lab04.srcs/sources_1/imports/new/clk_div.v:3]
INFO: [Synth 8-6157] synthesizing module 'quad_7_seg' [C:/Users/vivat/Desktop/cp-eng-hwsynlab2023/lab05/lab05.srcs/sources_1/imports/hwlab/lab04/lab04.srcs/sources_1/imports/new/quad_7_seg.v:3]
INFO: [Synth 8-6157] synthesizing module 'hex_to_7_seg' [C:/Users/vivat/Desktop/cp-eng-hwsynlab2023/lab05/lab05.srcs/sources_1/imports/hwlab/lab04/lab04.srcs/sources_1/imports/new/hex_to_7_seg.v:3]
INFO: [Synth 8-6155] done synthesizing module 'hex_to_7_seg' (0#1) [C:/Users/vivat/Desktop/cp-eng-hwsynlab2023/lab05/lab05.srcs/sources_1/imports/hwlab/lab04/lab04.srcs/sources_1/imports/new/hex_to_7_seg.v:3]
INFO: [Synth 8-6155] done synthesizing module 'quad_7_seg' (0#1) [C:/Users/vivat/Desktop/cp-eng-hwsynlab2023/lab05/lab05.srcs/sources_1/imports/hwlab/lab04/lab04.srcs/sources_1/imports/new/quad_7_seg.v:3]
INFO: [Synth 8-6157] synthesizing module 'push_button' [C:/Users/vivat/Desktop/cp-eng-hwsynlab2023/lab05/lab05.srcs/sources_1/imports/hwlab/lab04/lab04.srcs/sources_1/new/push_button.v:3]
INFO: [Synth 8-6157] synthesizing module 'debouncer' [C:/Users/vivat/Desktop/cp-eng-hwsynlab2023/lab05/lab05.srcs/sources_1/imports/hwlab/lab04/lab04.srcs/sources_1/imports/new/debouncer.v:3]
	Parameter DEBOUNCE_TIME bound to: 2500000 - type: integer 
INFO: [Synth 8-6155] done synthesizing module 'debouncer' (0#1) [C:/Users/vivat/Desktop/cp-eng-hwsynlab2023/lab05/lab05.srcs/sources_1/imports/hwlab/lab04/lab04.srcs/sources_1/imports/new/debouncer.v:3]
INFO: [Synth 8-6155] done synthesizing module 'push_button' (0#1) [C:/Users/vivat/Desktop/cp-eng-hwsynlab2023/lab05/lab05.srcs/sources_1/imports/hwlab/lab04/lab04.srcs/sources_1/new/push_button.v:3]
INFO: [Synth 8-6157] synthesizing module 'nanocpu' [C:/Users/vivat/Desktop/cp-eng-hwsynlab2023/lab05/lab05.srcs/sources_1/imports/hwlab/lab05_srcs/nanocpu.v:9]
INFO: [Synth 8-6157] synthesizing module 'adder' [C:/Users/vivat/Desktop/cp-eng-hwsynlab2023/lab05/lab05.srcs/sources_1/imports/hwlab/lab05_srcs/adder.v:9]
	Parameter WIDTH bound to: 30 - type: integer 
INFO: [Synth 8-6155] done synthesizing module 'adder' (0#1) [C:/Users/vivat/Desktop/cp-eng-hwsynlab2023/lab05/lab05.srcs/sources_1/imports/hwlab/lab05_srcs/adder.v:9]
INFO: [Synth 8-6157] synthesizing module 'mux2_1' [C:/Users/vivat/Desktop/cp-eng-hwsynlab2023/lab05/lab05.srcs/sources_1/imports/hwlab/lab05_srcs/mux2_1.v:9]
	Parameter WIDTH bound to: 30 - type: integer 
INFO: [Synth 8-6155] done synthesizing module 'mux2_1' (0#1) [C:/Users/vivat/Desktop/cp-eng-hwsynlab2023/lab05/lab05.srcs/sources_1/imports/hwlab/lab05_srcs/mux2_1.v:9]
INFO: [Synth 8-6157] synthesizing module 'extender' [C:/Users/vivat/Desktop/cp-eng-hwsynlab2023/lab05/lab05.srcs/sources_1/imports/hwlab/lab05_srcs/extender.v:10]
INFO: [Synth 8-6155] done synthesizing module 'extender' (0#1) [C:/Users/vivat/Desktop/cp-eng-hwsynlab2023/lab05/lab05.srcs/sources_1/imports/hwlab/lab05_srcs/extender.v:10]
INFO: [Synth 8-6157] synthesizing module 'mux2_1__parameterized0' [C:/Users/vivat/Desktop/cp-eng-hwsynlab2023/lab05/lab05.srcs/sources_1/imports/hwlab/lab05_srcs/mux2_1.v:9]
	Parameter WIDTH bound to: 5 - type: integer 
INFO: [Synth 8-6155] done synthesizing module 'mux2_1__parameterized0' (0#1) [C:/Users/vivat/Desktop/cp-eng-hwsynlab2023/lab05/lab05.srcs/sources_1/imports/hwlab/lab05_srcs/mux2_1.v:9]
INFO: [Synth 8-6157] synthesizing module 'regfile' [C:/Users/vivat/Desktop/cp-eng-hwsynlab2023/lab05/lab05.srcs/sources_1/imports/hwlab/lab05_srcs/regfile.v:9]
WARNING: [Synth 8-639] system function call 'time' not supported [C:/Users/vivat/Desktop/cp-eng-hwsynlab2023/lab05/lab05.srcs/sources_1/imports/hwlab/lab05_srcs/regfile.v:32]
INFO: [Synth 8-251] 0 - A(REG[x]) -  xxxxxxxx (x), B(REG[x]) -  xxxxxxxx (x) [C:/Users/vivat/Desktop/cp-eng-hwsynlab2023/lab05/lab05.srcs/sources_1/imports/hwlab/lab05_srcs/regfile.v:32]
INFO: [Synth 8-6155] done synthesizing module 'regfile' (0#1) [C:/Users/vivat/Desktop/cp-eng-hwsynlab2023/lab05/lab05.srcs/sources_1/imports/hwlab/lab05_srcs/regfile.v:9]
INFO: [Synth 8-6157] synthesizing module 'mux2_1__parameterized1' [C:/Users/vivat/Desktop/cp-eng-hwsynlab2023/lab05/lab05.srcs/sources_1/imports/hwlab/lab05_srcs/mux2_1.v:9]
INFO: [Synth 8-6155] done synthesizing module 'mux2_1__parameterized1' (0#1) [C:/Users/vivat/Desktop/cp-eng-hwsynlab2023/lab05/lab05.srcs/sources_1/imports/hwlab/lab05_srcs/mux2_1.v:9]
INFO: [Synth 8-6157] synthesizing module 'alu' [C:/Users/vivat/Desktop/cp-eng-hwsynlab2023/lab05/lab05.srcs/sources_1/imports/hwlab/lab05_srcs/alu.v:10]
INFO: [Synth 8-6155] done synthesizing module 'alu' (0#1) [C:/Users/vivat/Desktop/cp-eng-hwsynlab2023/lab05/lab05.srcs/sources_1/imports/hwlab/lab05_srcs/alu.v:10]
INFO: [Synth 8-6157] synthesizing module 'control' [C:/Users/vivat/Desktop/cp-eng-hwsynlab2023/lab05/lab05.srcs/sources_1/imports/hwlab/lab05_srcs/control.v:10]
INFO: [Synth 8-6155] done synthesizing module 'control' (0#1) [C:/Users/vivat/Desktop/cp-eng-hwsynlab2023/lab05/lab05.srcs/sources_1/imports/hwlab/lab05_srcs/control.v:10]
INFO: [Synth 8-6155] done synthesizing module 'nanocpu' (0#1) [C:/Users/vivat/Desktop/cp-eng-hwsynlab2023/lab05/lab05.srcs/sources_1/imports/hwlab/lab05_srcs/nanocpu.v:9]
INFO: [Synth 8-6157] synthesizing module 'rom' [C:/Users/vivat/Desktop/cp-eng-hwsynlab2023/lab05/lab05.srcs/sources_1/imports/hwlab/lab05_srcs/rom.v:9]
	Parameter PROG_FILE bound to: lab05_03.mem - type: string 
	Parameter ADDR_WIDTH bound to: 16 - type: integer 
INFO: [Synth 8-3876] $readmem data file 'lab05_03.mem' is read successfully [C:/Users/vivat/Desktop/cp-eng-hwsynlab2023/lab05/lab05.srcs/sources_1/imports/hwlab/lab05_srcs/rom.v:22]
INFO: [Synth 8-6155] done synthesizing module 'rom' (0#1) [C:/Users/vivat/Desktop/cp-eng-hwsynlab2023/lab05/lab05.srcs/sources_1/imports/hwlab/lab05_srcs/rom.v:9]
INFO: [Synth 8-6157] synthesizing module 'io_mapped_memory' [C:/Users/vivat/Desktop/cp-eng-hwsynlab2023/lab05/lab05.srcs/sources_1/new/io_mapped_memory.v:3]
	Parameter DATA_FILE bound to: empty32x16.mem - type: string 
	Parameter DATA_WIDTH bound to: 32 - type: integer 
	Parameter ADDR_WIDTH bound to: 16 - type: integer 
INFO: [Synth 8-6157] synthesizing module 'memory' [C:/Users/vivat/Desktop/cp-eng-hwsynlab2023/lab05/lab05.srcs/sources_1/imports/hwlab/lab05_srcs/memory.v:9]
	Parameter DATA_FILE bound to: empty32x16.mem - type: string 
	Parameter DATA_WIDTH bound to: 32 - type: integer 
	Parameter ADDR_WIDTH bound to: 16 - type: integer 
INFO: [Synth 8-3876] $readmem data file 'empty32x16.mem' is read successfully [C:/Users/vivat/Desktop/cp-eng-hwsynlab2023/lab05/lab05.srcs/sources_1/imports/hwlab/lab05_srcs/memory.v:28]
WARNING: [Synth 8-639] system function call 'time' not supported [C:/Users/vivat/Desktop/cp-eng-hwsynlab2023/lab05/lab05.srcs/sources_1/imports/hwlab/lab05_srcs/memory.v:33]
INFO: [Synth 8-251] 0 - mem[xxxx] -  xxxxxxxx (x)
 [C:/Users/vivat/Desktop/cp-eng-hwsynlab2023/lab05/lab05.srcs/sources_1/imports/hwlab/lab05_srcs/memory.v:33]
INFO: [Synth 8-6155] done synthesizing module 'memory' (0#1) [C:/Users/vivat/Desktop/cp-eng-hwsynlab2023/lab05/lab05.srcs/sources_1/imports/hwlab/lab05_srcs/memory.v:9]
INFO: [Synth 8-6157] synthesizing module 'io_memory' [C:/Users/vivat/Desktop/cp-eng-hwsynlab2023/lab05/lab05.srcs/sources_1/new/io_memory.v:3]
	Parameter DATA_WIDTH bound to: 32 - type: integer 
	Parameter ADDR_WIDTH bound to: 16 - type: integer 
WARNING: [Synth 8-639] system function call 'time' not supported [C:/Users/vivat/Desktop/cp-eng-hwsynlab2023/lab05/lab05.srcs/sources_1/new/io_memory.v:30]
INFO: [Synth 8-251] 0 - mem[xxxx] -  xxxxxxxx (x)
 [C:/Users/vivat/Desktop/cp-eng-hwsynlab2023/lab05/lab05.srcs/sources_1/new/io_memory.v:30]
WARNING: [Synth 8-567] referenced signal 'io_in' should be on the sensitivity list [C:/Users/vivat/Desktop/cp-eng-hwsynlab2023/lab05/lab05.srcs/sources_1/new/io_memory.v:22]
WARNING: [Synth 8-567] referenced signal 'data_out' should be on the sensitivity list [C:/Users/vivat/Desktop/cp-eng-hwsynlab2023/lab05/lab05.srcs/sources_1/new/io_memory.v:22]
INFO: [Synth 8-155] case statement is not full and has no default [C:/Users/vivat/Desktop/cp-eng-hwsynlab2023/lab05/lab05.srcs/sources_1/new/io_memory.v:35]
INFO: [Synth 8-6155] done synthesizing module 'io_memory' (0#1) [C:/Users/vivat/Desktop/cp-eng-hwsynlab2023/lab05/lab05.srcs/sources_1/new/io_memory.v:3]
INFO: [Synth 8-6155] done synthesizing module 'io_mapped_memory' (0#1) [C:/Users/vivat/Desktop/cp-eng-hwsynlab2023/lab05/lab05.srcs/sources_1/new/io_mapped_memory.v:3]
INFO: [Synth 8-6155] done synthesizing module 'nano_03_system' (0#1) [C:/Users/vivat/Desktop/cp-eng-hwsynlab2023/lab05/lab05.srcs/sources_1/new/nano_03_system.v:3]
WARNING: [Synth 8-6014] Unused sequential element z_flag_reg was removed.  [C:/Users/vivat/Desktop/cp-eng-hwsynlab2023/lab05/lab05.srcs/sources_1/imports/hwlab/lab05_srcs/nanocpu.v:117]
WARNING: [Synth 8-3848] Net mem_wr in module/entity io_mapped_memory does not have driver. [C:/Users/vivat/Desktop/cp-eng-hwsynlab2023/lab05/lab05.srcs/sources_1/new/io_mapped_memory.v:34]
WARNING: [Synth 8-3848] Net iclk in module/entity io_mapped_memory does not have driver. [C:/Users/vivat/Desktop/cp-eng-hwsynlab2023/lab05/lab05.srcs/sources_1/new/io_mapped_memory.v:35]
---------------------------------------------------------------------------------
Finished RTL Elaboration : Time (s): cpu = 00:00:05 ; elapsed = 00:00:07 . Memory (MB): peak = 1383.898 ; gain = 521.922
---------------------------------------------------------------------------------
---------------------------------------------------------------------------------
Start Handling Custom Attributes
---------------------------------------------------------------------------------
---------------------------------------------------------------------------------
Finished Handling Custom Attributes : Time (s): cpu = 00:00:06 ; elapsed = 00:00:07 . Memory (MB): peak = 1383.898 ; gain = 521.922
---------------------------------------------------------------------------------
---------------------------------------------------------------------------------
Finished RTL Optimization Phase 1 : Time (s): cpu = 00:00:06 ; elapsed = 00:00:07 . Memory (MB): peak = 1383.898 ; gain = 521.922
---------------------------------------------------------------------------------
Netlist sorting complete. Time (s): cpu = 00:00:00 ; elapsed = 00:00:00.017 . Memory (MB): peak = 1383.898 ; gain = 0.000
INFO: [Project 1-570] Preparing netlist for logic optimization

Processing XDC Constraints
Initializing timing engine
Parsing XDC File [C:/Users/vivat/Desktop/cp-eng-hwsynlab2023/lab05/lab05.srcs/constrs_1/imports/hwlab/Basys-3-Master-Custom.xdc]
Finished Parsing XDC File [C:/Users/vivat/Desktop/cp-eng-hwsynlab2023/lab05/lab05.srcs/constrs_1/imports/hwlab/Basys-3-Master-Custom.xdc]
INFO: [Project 1-236] Implementation specific constraints were found while reading constraint file [C:/Users/vivat/Desktop/cp-eng-hwsynlab2023/lab05/lab05.srcs/constrs_1/imports/hwlab/Basys-3-Master-Custom.xdc]. These constraints will be ignored for synthesis but will be used in implementation. Impacted constraints are listed in the file [.Xil/nano_03_system_propImpl.xdc].
Resolution: To avoid this warning, move constraints listed in [.Xil/nano_03_system_propImpl.xdc] to another XDC file and exclude this new file from synthesis with the used_in_synthesis property (File Properties dialog in GUI) and re-run elaboration/synthesis.
Completed Processing XDC Constraints

Netlist sorting complete. Time (s): cpu = 00:00:00 ; elapsed = 00:00:00 . Memory (MB): peak = 1410.246 ; gain = 0.000
INFO: [Project 1-111] Unisim Transformation Summary:
No Unisim elements were transformed.

Constraint Validation Runtime : Time (s): cpu = 00:00:00 ; elapsed = 00:00:00.003 . Memory (MB): peak = 1410.246 ; gain = 0.000
INFO: [Designutils 20-5440] No compile time benefit to using incremental synthesis; A full resynthesis will be run
INFO: [Designutils 20-4379] Flow is switching to default flow due to incremental criteria not met. If you would like to alter this behaviour and have the flow terminate instead, please set the following parameter config_implementation {autoIncr.Synth.RejectBehavior Terminate}
---------------------------------------------------------------------------------
Finished Constraint Validation : Time (s): cpu = 00:00:14 ; elapsed = 00:00:18 . Memory (MB): peak = 1410.246 ; gain = 548.270
---------------------------------------------------------------------------------
---------------------------------------------------------------------------------
Start Loading Part and Timing Information
---------------------------------------------------------------------------------
Loading part: xc7a35tcpg236-1
---------------------------------------------------------------------------------
Finished Loading Part and Timing Information : Time (s): cpu = 00:00:14 ; elapsed = 00:00:18 . Memory (MB): peak = 1410.246 ; gain = 548.270
---------------------------------------------------------------------------------
---------------------------------------------------------------------------------
Start Applying 'set_property' XDC Constraints
---------------------------------------------------------------------------------
---------------------------------------------------------------------------------
Finished applying 'set_property' XDC Constraints : Time (s): cpu = 00:00:14 ; elapsed = 00:00:18 . Memory (MB): peak = 1410.246 ; gain = 548.270
---------------------------------------------------------------------------------
---------------------------------------------------------------------------------
Finished RTL Optimization Phase 2 : Time (s): cpu = 00:00:14 ; elapsed = 00:00:19 . Memory (MB): peak = 1410.246 ; gain = 548.270
---------------------------------------------------------------------------------
---------------------------------------------------------------------------------
Start RTL Component Statistics 
---------------------------------------------------------------------------------
Detailed RTL Component Info : 
+---Adders : 
	   3 Input   33 Bit       Adders := 2     
	   2 Input   32 Bit       Adders := 3     
	   3 Input   31 Bit       Adders := 1     
	   2 Input    2 Bit       Adders := 1     
+---XORs : 
	   2 Input     32 Bit         XORs := 1     
+---Registers : 
	               32 Bit    Registers := 1     
	               16 Bit    Registers := 1     
	                2 Bit    Registers := 1     
	                1 Bit    Registers := 5     
+---RAMs : 
	             1024 Bit	(32 X 32 bit)          RAMs := 1     
+---Muxes : 
	   3 Input   32 Bit        Muxes := 1     
	   2 Input   32 Bit        Muxes := 5     
	   6 Input   32 Bit        Muxes := 1     
	   2 Input   30 Bit        Muxes := 2     
	   6 Input   16 Bit        Muxes := 1     
	   2 Input    5 Bit        Muxes := 1     
	   4 Input    4 Bit        Muxes := 1     
	   2 Input    4 Bit        Muxes := 1     
	   5 Input    3 Bit        Muxes := 1     
	   5 Input    2 Bit        Muxes := 1     
	   8 Input    1 Bit        Muxes := 1     
	   2 Input    1 Bit        Muxes := 7     
	   4 Input    1 Bit        Muxes := 1     
	   5 Input    1 Bit        Muxes := 2     
---------------------------------------------------------------------------------
Finished RTL Component Statistics 
---------------------------------------------------------------------------------
---------------------------------------------------------------------------------
Start Part Resource Summary
---------------------------------------------------------------------------------
Part Resources:
DSPs: 90 (col length:60)
BRAMs: 100 (col length: RAMB18 60 RAMB36 30)
---------------------------------------------------------------------------------
Finished Part Resource Summary
---------------------------------------------------------------------------------
---------------------------------------------------------------------------------
Start Cross Boundary and Area Optimization
---------------------------------------------------------------------------------
WARNING: [Synth 8-7080] Parallel synthesis criteria is not met
WARNING: [Synth 8-3917] design nano_03_system has port dp driven by constant 1
---------------------------------------------------------------------------------
Finished Cross Boundary and Area Optimization : Time (s): cpu = 00:00:16 ; elapsed = 00:00:21 . Memory (MB): peak = 1410.246 ; gain = 548.270
---------------------------------------------------------------------------------
---------------------------------------------------------------------------------
Start Applying XDC Timing Constraints
---------------------------------------------------------------------------------
---------------------------------------------------------------------------------
Finished Applying XDC Timing Constraints : Time (s): cpu = 00:00:20 ; elapsed = 00:00:27 . Memory (MB): peak = 1410.246 ; gain = 548.270
---------------------------------------------------------------------------------
---------------------------------------------------------------------------------
Start Timing Optimization
---------------------------------------------------------------------------------
---------------------------------------------------------------------------------
Finished Timing Optimization : Time (s): cpu = 00:00:20 ; elapsed = 00:00:27 . Memory (MB): peak = 1410.246 ; gain = 548.270
---------------------------------------------------------------------------------
---------------------------------------------------------------------------------
Start Technology Mapping
---------------------------------------------------------------------------------
---------------------------------------------------------------------------------
Finished Technology Mapping : Time (s): cpu = 00:00:20 ; elapsed = 00:00:27 . Memory (MB): peak = 1410.246 ; gain = 548.270
---------------------------------------------------------------------------------
---------------------------------------------------------------------------------
Start IO Insertion
---------------------------------------------------------------------------------
---------------------------------------------------------------------------------
Start Flattening Before IO Insertion
---------------------------------------------------------------------------------
---------------------------------------------------------------------------------
Finished Flattening Before IO Insertion
---------------------------------------------------------------------------------
---------------------------------------------------------------------------------
Start Final Netlist Cleanup
---------------------------------------------------------------------------------
---------------------------------------------------------------------------------
Finished Final Netlist Cleanup
---------------------------------------------------------------------------------
---------------------------------------------------------------------------------
Finished IO Insertion : Time (s): cpu = 00:00:24 ; elapsed = 00:00:31 . Memory (MB): peak = 1410.246 ; gain = 548.270
---------------------------------------------------------------------------------
---------------------------------------------------------------------------------
Start Renaming Generated Instances
---------------------------------------------------------------------------------
---------------------------------------------------------------------------------
Finished Renaming Generated Instances : Time (s): cpu = 00:00:24 ; elapsed = 00:00:31 . Memory (MB): peak = 1410.246 ; gain = 548.270
---------------------------------------------------------------------------------
---------------------------------------------------------------------------------
Start Rebuilding User Hierarchy
---------------------------------------------------------------------------------
---------------------------------------------------------------------------------
Finished Rebuilding User Hierarchy : Time (s): cpu = 00:00:24 ; elapsed = 00:00:31 . Memory (MB): peak = 1410.246 ; gain = 548.270
---------------------------------------------------------------------------------
---------------------------------------------------------------------------------
Start Renaming Generated Ports
---------------------------------------------------------------------------------
---------------------------------------------------------------------------------
Finished Renaming Generated Ports : Time (s): cpu = 00:00:24 ; elapsed = 00:00:31 . Memory (MB): peak = 1410.246 ; gain = 548.270
---------------------------------------------------------------------------------
---------------------------------------------------------------------------------
Start Handling Custom Attributes
---------------------------------------------------------------------------------
---------------------------------------------------------------------------------
Finished Handling Custom Attributes : Time (s): cpu = 00:00:24 ; elapsed = 00:00:31 . Memory (MB): peak = 1410.246 ; gain = 548.270
---------------------------------------------------------------------------------
---------------------------------------------------------------------------------
Start Renaming Generated Nets
---------------------------------------------------------------------------------
---------------------------------------------------------------------------------
Finished Renaming Generated Nets : Time (s): cpu = 00:00:24 ; elapsed = 00:00:31 . Memory (MB): peak = 1410.246 ; gain = 548.270
---------------------------------------------------------------------------------
---------------------------------------------------------------------------------
Start Writing Synthesis Report
---------------------------------------------------------------------------------

Report BlackBoxes: 
+-+--------------+----------+
| |BlackBox name |Instances |
+-+--------------+----------+
+-+--------------+----------+

Report Cell Usage: 
+------+-------+------+
|      |Cell   |Count |
+------+-------+------+
|1     |BUFG   |     1|
|2     |CARRY4 |     5|
|3     |LUT1   |     2|
|4     |LUT2   |     5|
|5     |LUT3   |     1|
|6     |LUT4   |     2|
|7     |LUT5   |     1|
|8     |LUT6   |     4|
|9     |FDRE   |    20|
|10    |IBUF   |    13|
|11    |OBUF   |    24|
+------+-------+------+
---------------------------------------------------------------------------------
Finished Writing Synthesis Report : Time (s): cpu = 00:00:24 ; elapsed = 00:00:31 . Memory (MB): peak = 1410.246 ; gain = 548.270
---------------------------------------------------------------------------------
Synthesis finished with 0 errors, 0 critical warnings and 2 warnings.
Synthesis Optimization Runtime : Time (s): cpu = 00:00:17 ; elapsed = 00:00:29 . Memory (MB): peak = 1410.246 ; gain = 521.922
Synthesis Optimization Complete : Time (s): cpu = 00:00:24 ; elapsed = 00:00:31 . Memory (MB): peak = 1410.246 ; gain = 548.270
INFO: [Project 1-571] Translating synthesized netlist
Netlist sorting complete. Time (s): cpu = 00:00:00 ; elapsed = 00:00:00 . Memory (MB): peak = 1410.246 ; gain = 0.000
INFO: [Netlist 29-17] Analyzing 5 Unisim elements for replacement
INFO: [Netlist 29-28] Unisim Transformation completed in 0 CPU seconds
INFO: [Project 1-570] Preparing netlist for logic optimization
INFO: [Opt 31-138] Pushed 0 inverter(s) to 0 load pin(s).
Netlist sorting complete. Time (s): cpu = 00:00:00 ; elapsed = 00:00:00 . Memory (MB): peak = 1410.246 ; gain = 0.000
INFO: [Project 1-111] Unisim Transformation Summary:
No Unisim elements were transformed.

Synth Design complete | Checksum: 74731b07
INFO: [Common 17-83] Releasing license: Synthesis
68 Infos, 10 Warnings, 0 Critical Warnings and 0 Errors encountered.
synth_design completed successfully
synth_design: Time (s): cpu = 00:00:26 ; elapsed = 00:00:36 . Memory (MB): peak = 1410.246 ; gain = 928.309
INFO: [Common 17-1381] The checkpoint 'C:/Users/vivat/Desktop/cp-eng-hwsynlab2023/lab05/lab05.runs/synth_2/nano_03_system.dcp' has been generated.
INFO: [runtcl-4] Executing : report_utilization -file nano_03_system_utilization_synth.rpt -pb nano_03_system_utilization_synth.pb
INFO: [Common 17-206] Exiting Vivado at Tue Oct  3 12:10:48 2023...
